"Severity","ThreadID","Date","Time","Application","Message"
"ERROR","web-0","10/21/2011","01:37:10","","key [EMAIL] doesn't exist in struct (keys:ROUTE,action,controller)"
"ERROR","web-0","10/21/2011","01:40:07","","component [controllers.Sessions] has no  function with name [$initControllerClass]"
"ERROR","web-0","10/21/2011","01:40:50","","component [controllers.Sessions] has no  function with name [$initControllerClass]"
"ERROR","web-0","10/21/2011","01:41:59","","missing terminating [#] for expression"
"ERROR","web-0","10/21/2011","01:42:31","","No matching Method/Function [REDIRECTO] for call with named arguments found "
"ERROR","web-0","10/21/2011","01:49:15","","invalid call of the function listGetAt, second Argument (posNumber) is invalid, invalid string list index [2]"
"ERROR","web-0","10/21/2011","12:52:32","","key [EMAIL] doesn't exist in struct (keys:ROUTE,action,controller)"
"ERROR","web-0","10/21/2011","12:54:30","","Can't cast String [email] to a boolean"
"ERROR","web-0","10/21/2011","12:54:57","","key [EMAIL] doesn't exist in struct (keys:ROUTE,action,controller)"
"ERROR","web-0","10/21/2011","13:40:02","","No matching Method/Function for ISUSERCONNECTED()"
"ERROR","web-0","10/21/2011","13:41:32","","No matching Method/Function for ISUSERCONNECTED()"
"ERROR","web-0","10/21/2011","13:41:33","","No matching Method/Function for ISUSERCONNECTED()"
"ERROR","web-0","10/21/2011","13:48:42","","No matching Method/Function [ERRORMESSAGEFOR] for call with named arguments found "
"ERROR","web-0","10/21/2011","14:03:04","","can't cast String [FC05A8A2748C53D2BF01AD21503A6DCB2C3F32C4931F8A0E2CA132F0BE59B3208DD3B207A5BA20AB6827D6AAD293B15FCB57BF2A52259B6B75BD0D51E99B06BD] to a value of type [void]"
"ERROR","web-0","10/21/2011","14:05:14","","Component [models.User] has no acessible Member with name [ROLE]; enable [trigger data member] in admininistrator to also invoke getters and setters"
"ERROR","web-0","10/21/2011","14:08:07","","the function isUserConnected has a invalid return value , can't cast Object type [Boolean] to a value of type [void]"
"ERROR","web-0","10/21/2011","14:11:48","","No matching Method/Function for GETCURRENTUSERROLE()"
"ERROR","web-0","10/21/2011","14:12:58","","Can't cast Component [Model] to String"
"ERROR","web-0","10/21/2011","14:18:00","","key [USER] doesn't exist in struct (keys:ROUTE,action,controller)"
"ERROR","web-0","10/21/2011","14:21:35","","component [controllers.Users] has no  function with name [$initControllerClass]"
"ERROR","web-0","10/21/2011","14:22:29","","Component [models.Model] has no acessible Member with name [ROLE]; enable [trigger data member] in admininistrator to also invoke getters and setters"
"ERROR","web-0","10/21/2011","14:24:36","","Component [models.Model] has no acessible Member with name [ROLENAME]; enable [trigger data member] in admininistrator to also invoke getters and setters"
"ERROR","web-0","10/21/2011","14:25:02","","Component [models.Model] has no acessible Member with name [ROLENAME]; enable [trigger data member] in admininistrator to also invoke getters and setters"
"ERROR","web-0","10/21/2011","15:04:17","","The required parameter [user] was not provided."
"ERROR","web-0","10/21/2011","15:04:23","","The required parameter [user] was not provided."
"ERROR","web-0","10/21/2011","15:13:12","","variable [USER] doesn't exist"
"ERROR","web-0","10/21/2011","15:22:27","","key [KEY] doesn't exist in struct (keys:ROUTE,action,controller)"
"ERROR","web-0","10/21/2011","15:24:24","","No matching Method/Function for DISCONNECT()"
"ERROR","web-0","10/21/2011","15:24:28","","Page /views/users/forms/_user.cfm [C:\dev\websites\cfw-usermanager\views\users\forms\_user.cfm] not found"
"ERROR","web-0","10/21/2011","15:24:48","","Page /views/users/forms/_user.cfm [C:\dev\websites\cfw-usermanager\views\users\forms\_user.cfm] not found"
"ERROR","web-0","10/21/2011","15:24:57","","Page /views/users/forms/_user.cfm [C:\dev\websites\cfw-usermanager\views\users\forms\_user.cfm] not found"
"ERROR","web-0","10/21/2011","15:28:52","","Component [models.Role] has no acessible Member with name [ROLENAME]; enable [trigger data member] in admininistrator to also invoke getters and setters"
"ERROR","web-0","10/21/2011","16:00:46","","missing terminating [#] for expression"
"ERROR","web-0","10/21/2011","16:09:45","","Attribute case is not allowed for tag cfswitch; valid attribute names are [expression]"
"ERROR","web-0","10/21/2011","16:10:15","","key [SLUG] doesn't exist in struct (keys:ROUTE,action,controller,user)"
"ERROR","web-0","10/21/2011","16:11:17","","key [SLUG] doesn't exist in struct (keys:ROUTE,action,controller,user)"
"ERROR","web-0","10/21/2011","16:11:21","","key [SLUG] doesn't exist in struct (keys:ROUTE,action,controller,user)"
"ERROR","web-0","10/21/2011","16:12:21","","key [SLUG] doesn't exist in struct (keys:ROUTE,action,controller,user)"
"ERROR","web-0","10/21/2011","17:01:15","","No matching Method/Function [create] for call with named arguments found"
"ERROR","web-0","10/21/2011","17:01:48","","No matching Method/Function for Query.create() found"
"ERROR","web-0","10/21/2011","17:04:54","","Component [models.User] has no acessible Member with name [TOKEN]; enable [trigger data member] in admininistrator to also invoke getters and setters"
"ERROR","web-0","10/21/2011","17:05:08","","Component [models.User] has no acessible Member with name [TOKEN]; enable [trigger data member] in admininistrator to also invoke getters and setters"
"ERROR","web-0","10/21/2011","17:05:19","","Component [models.User] has no acessible Member with name [TOKEN]; enable [trigger data member] in admininistrator to also invoke getters and setters"
"ERROR","web-0","10/21/2011","17:05:25","","Component [models.User] has no acessible Member with name [TOKEN]; enable [trigger data member] in admininistrator to also invoke getters and setters"
"ERROR","web-0","10/21/2011","17:05:35","","Component [models.User] has no acessible Member with name [TOKEN]; enable [trigger data member] in admininistrator to also invoke getters and setters"
"ERROR","web-0","10/21/2011","17:06:30","","Component [models.User] has no acessible Member with name [TOKEN]; enable [trigger data member] in admininistrator to also invoke getters and setters"
"ERROR","web-0","10/21/2011","17:06:33","","Component [models.User] has no acessible Member with name [TOKEN]; enable [trigger data member] in admininistrator to also invoke getters and setters"
"ERROR","web-0","10/21/2011","17:16:33","","Component [models.User] has no acessible Member with name [TOKEN]; enable [trigger data member] in admininistrator to also invoke getters and setters"
"ERROR","web-0","10/21/2011","17:16:52","","Component [models.User] has no acessible Member with name [TOKEN]; enable [trigger data member] in admininistrator to also invoke getters and setters"
"ERROR","web-0","10/21/2011","17:17:10","","Component [models.User] has no acessible Member with name [TOKEN]; enable [trigger data member] in admininistrator to also invoke getters and setters"
"ERROR","web-0","10/21/2011","17:17:48","","Page /views/templates/passwordreset.cfm [C:\dev\websites\cfw-usermanager\views\templates\passwordreset.cfm] not found"
"ERROR","web-0","10/21/2011","17:17:59","","Page /views/sessions/templates/passwordreset.cfm [C:\dev\websites\cfw-usermanager\views\sessions\templates\passwordreset.cfm] not found"
"ERROR","web-0","10/21/2011","17:18:21","","no SMTP Server defined"
"ERROR","web-0","10/21/2011","17:19:29","","no SMTP Server defined"
"ERROR","web-0","10/21/2011","17:24:16","","Page /views/sessions/sendpasswordresetemail.cfm [C:\dev\websites\cfw-usermanager\views\sessions\sendpasswordresetemail.cfm] not found"
"ERROR","web-0","10/21/2011","17:43:39","","component [controllers.Sessions] has no  function with name [$initControllerClass]"
"ERROR","web-0","10/21/2011","17:44:46","","component [controllers.Sessions] has no  function with name [$initControllerClass]"
"ERROR","web-0","10/21/2011","17:45:11","","component [controllers.Sessions] has no  function with name [$initControllerClass]"
"ERROR","web-0","10/21/2011","17:45:12","","component [controllers.Sessions] has no  function with name [$initControllerClass]"
"ERROR","web-0","10/21/2011","17:45:13","","component [controllers.Sessions] has no  function with name [$initControllerClass]"
"ERROR","web-0","10/21/2011","17:45:39","","component [controllers.Sessions] has no  function with name [$initControllerClass]"
"ERROR","web-0","10/21/2011","17:45:47","","component [controllers.Sessions] has no  function with name [$initControllerClass]"
"ERROR","web-0","10/21/2011","17:45:58","","component [controllers.Sessions] has no  function with name [$initControllerClass]"
"ERROR","web-0","10/21/2011","17:46:37","","component [controllers.Sessions] has no  function with name [$initControllerClass]"
"ERROR","web-0","10/21/2011","17:47:51","","component [controllers.Sessions] has no  function with name [$initControllerClass]"
"ERROR","web-0","10/21/2011","18:16:04","","variable [USER] doesn't exist"
"ERROR","web-0","10/21/2011","18:16:32","","key [EMAIL] doesn't exist in struct (keys:token,ROUTE,action,controller)"
"ERROR","web-0","10/21/2011","18:24:29","","key [TOKEN] doesn't exist in struct (keys:)"
"ERROR","web-0","10/21/2011","18:27:32","","Component [models.User] has no acessible Member with name [EMAIL]; enable [trigger data member] in admininistrator to also invoke getters and setters"
"ERROR","web-0","10/21/2011","18:30:50","","Component [models.Token] has no acessible Member with name [USER]; enable [trigger data member] in admininistrator to also invoke getters and setters"
"ERROR","web-0","10/21/2011","18:34:09","","key [SLUG] doesn't exist in struct (keys:ROUTE,action,controller)"
"ERROR","web-0","10/21/2011","18:34:29","","key [SLUG] doesn't exist in struct (keys:ROUTE,action,controller)"
"ERROR","web-0","10/21/2011","18:44:45","","variable [PASSWORD] doesn't exist"
"ERROR","web-0","10/21/2011","18:45:35","","No matching Method/Function [REIDRECTTO] for call with named arguments found "
"ERROR","web-0","10/21/2011","13:04:05","","key [EMAIL] doesn't exist in struct (keys:ROUTE,action,controller)"
"ERROR","web-0","10/23/2011","17:01:45","","Page /events/Lib_Sessions.cfm [C:\dev\websites\cfw-usermanager\events\Lib_Sessions.cfm] not found"
"ERROR","web-0","10/23/2011","17:02:14","","Page /events/events/Lib_Sessions.cfm [C:\dev\websites\cfw-usermanager\events\events\Lib_Sessions.cfm] not found"
"ERROR","web-0","10/23/2011","17:03:04","","No matching Method/Function for ISUSERCONNECTED()"
"ERROR","web-0","10/23/2011","17:19:13","","No matching Method/Function for GETCONNECTEDUSERID()"
"ERROR","web-0","10/23/2011","17:22:06","","No matching Method/Function for GETCURRENTUERID()"
"ERROR","web-0","10/23/2011","17:24:34","","variable [CURRENTUSER] doesn't exist"
"ERROR","web-0","10/23/2011","17:25:19","","variable [CURRENTUSER] doesn't exist"
"ERROR","web-0","10/23/2011","17:25:21","","variable [CURRENTUSER] doesn't exist"
"ERROR","web-0","10/23/2011","17:25:23","","variable [CURRENTUSER] doesn't exist"
"ERROR","web-0","10/23/2011","17:25:24","","variable [CURRENTUSER] doesn't exist"
"ERROR","web-0","10/23/2011","17:25:25","","variable [CURRENTUSER] doesn't exist"
"ERROR","web-0","10/23/2011","17:25:51","","variable [CURRENTUSER] doesn't exist"
"ERROR","web-0","10/23/2011","17:26:01","","No matching Method/Function for ISCONNECTE()"
"ERROR","web-0","10/23/2011","17:26:09","","variable [CURRENTUSER] doesn't exist"
"ERROR","web-0","10/23/2011","17:26:30","","variable [CURRENTUSER] doesn't exist"
"ERROR","web-0","10/23/2011","17:29:29","","variable [CURRENTUSER] doesn't exist"
"ERROR","web-0","10/23/2011","17:29:30","","variable [CURRENTUSER] doesn't exist"
"ERROR","web-0","10/23/2011","17:29:37","","variable [CURRENTUSER] doesn't exist"
"ERROR","web-0","10/23/2011","17:29:39","","variable [CURRENTUSER] doesn't exist"
"ERROR","web-0","10/23/2011","17:29:39","","variable [CURRENTUSER] doesn't exist"
"ERROR","web-0","10/23/2011","17:29:56","","variable [CURRENTUSER] doesn't exist"
"ERROR","web-0","10/23/2011","17:29:57","","variable [CURRENTUSER] doesn't exist"
"ERROR","web-0","10/23/2011","17:29:58","","variable [CURRENTUSER] doesn't exist"
"ERROR","web-0","10/23/2011","17:29:58","","variable [CURRENTUSER] doesn't exist"
"ERROR","web-0","10/23/2011","17:29:58","","variable [CURRENTUSER] doesn't exist"
"ERROR","web-0","10/23/2011","17:31:36","","variable [USER] doesn't exist"
"ERROR","web-0","10/23/2011","17:32:05","","variable [USER] doesn't exist"
"ERROR","web-0","10/24/2011","10:28:42","","No matching Method/Function for STRUCTKEXYEXISTS(struct, string)"
"ERROR","web-0","10/24/2011","10:39:12","","The parameter objectName to function passwordField is required but was not passed in."
"ERROR","web-0","10/24/2011","13:03:37","","key [Main] doesn't exist in struct (keys:Sessions)"
"ERROR","web-0","10/27/2011","19:56:09","","No matching property [EXPIRESAT] found in [boolean]"
"ERROR","web-0","11/29/2011","14:07:32","","key [role] doesn't exist in struct (keys:ID,NAME)"
"ERROR","web-0","11/29/2011","14:07:35","","key [role] doesn't exist in struct (keys:ID,NAME)"
"ERROR","web-0","11/29/2011","14:08:00","","No matching Method/Function [SINGLETABLEINHERITANCE] for call with named arguments found "
"ERROR","web-0","11/30/2011","14:58:34","","Component [models.User] has no acessible Member with name [TOKEN]; enable [trigger data member] in admininistrator to also invoke getters and setters"
"ERROR","web-0","11/30/2011","18:38:58","","No matching Method/Function for GETCURRENTUSERID()"
"ERROR","web-0","11/30/2011","20:04:42","","Page /views/resetpasswords/update.cfm [C:\dev\websites\cfw-usermanager\views\resetpasswords\update.cfm] not found"
"ERROR","web-0","11/30/2011","20:43:37","","No matching Method/Function for SENDEMAIL()"
"ERROR","web-0","12/01/2011","20:00:05","","invalid call of the function generateTokenValue (C:\dev\websites\cfw-usermanager\models\User.cfc), first Argument (VALIDFORINHOURS) is of invalid type, can't cast String [bart2@cfwdemo.com] to a value of type [numeric]"
"ERROR","web-0","12/01/2011","20:14:51","","invalid call of the function generateTokenValue (C:\dev\websites\cfw-usermanager\models\User.cfc), second Argument (VALIDFORINHOURS) is of invalid type, can't cast String [bart3@cfwdemo.com] to a value of type [numeric]"
"ERROR","web-0","12/01/2011","20:18:59","","variable [USER] doesn't exist"
"ERROR","web-0","12/01/2011","20:20:00","","variable [USER] doesn't exist"
"ERROR","web-0","12/01/2011","20:20:25","","variable [USER] doesn't exist"
"ERROR","web-0","12/02/2011","00:31:49","","variable [COOKIES] doesn't exist"
"ERROR","web-0","12/02/2011","00:36:40","","The parameter name to function checkBoxTag is required but was not passed in."
"ERROR","web-0","12/02/2011","00:40:53","","key [REMEMBERME] doesn't exist in struct (keys:email,action,controller,password)"
"ERROR","web-0","12/02/2011","00:42:24","","No matching Method/Function for Array.rememberMeFlag() found"
"ERROR","web-0","12/02/2011","00:43:18","","Invalid AES key length: 11 bytes"
"ERROR","web-0","12/02/2011","00:44:08","","Cannot find any provider supporting CFMX_COMPACT"
"ERROR","web-0","12/02/2011","10:40:44","","invalid component definition, can't find plugins.RememberMe.RememberMe"
"ERROR","web-0","12/02/2011","11:15:44","","Page /plugins/RememberMe/cookie.cfm [C:\dev\websites\cfw-usermanager\plugins\RememberMe\cookie.cfm] not found"
"ERROR","web-0","12/02/2011","11:16:11","","attribute name is required for tag cfcookie"
"ERROR","web-0","12/02/2011","11:18:43","","attribute name is required for tag cfcookie"
"ERROR","web-0","12/02/2011","11:18:45","","attribute name is required for tag cfcookie"
"ERROR","web-0","12/02/2011","11:23:35","","invalid component definition, can't find rememberMeCookie"
"ERROR","web-0","12/02/2011","11:25:03","","component [plugins.RememberMe.RememberMe] has no  function with name [init]"
"ERROR","web-0","12/02/2011","11:25:24","","invalid component definition, can't find rememberMeCookie"
"ERROR","web-0","12/02/2011","11:27:18","","invalid component definition, can't find C:/dev/websites/cfw-usermanager/plugins/RememberMe.rememberMeCookie"
"ERROR","web-0","12/02/2011","11:27:27","","invalid component definition, can't find C:/dev/websites/cfw-usermanager/plugins/RememberMe/rememberMeCookie"
"ERROR","web-0","12/02/2011","11:28:09","","invalid component definition, can't find plugins.RememberMe.rememberMeCookie"
"ERROR","web-0","12/02/2011","11:28:26","","invalid component definition, can't find plugins.RememberMe.RememberMeCookie"
"ERROR","web-0","12/02/2011","11:28:36","","invalid component definition, can't find plugins.RememberMe.RememberMeCookie"
"ERROR","web-0","12/02/2011","11:28:43","","invalid component definition, can't find ./plugins.RememberMe.RememberMeCookie"
"ERROR","web-0","12/02/2011","11:28:48","","invalid component definition, can't find plugins.RememberMe.RememberMeCookie"
"ERROR","web-0","12/02/2011","11:29:42","","invalid component definition, can't find C:/dev/websites/cfw-usermanager/plugins/RememberMe/RememberMeCookie.cfc"
"ERROR","web-0","12/02/2011","11:32:45","","Component [controllers.Sessions] has no acessible Member with name [COOKIENAME]; enable [trigger data member] in admininistrator to also invoke getters and setters"
"ERROR","web-0","12/02/2011","11:34:14","","Component [controllers.Sessions] has no acessible Member with name [COOKIENAME]; enable [trigger data member] in admininistrator to also invoke getters and setters"
"ERROR","web-0","12/02/2011","11:34:18","","Component [controllers.Sessions] has no acessible Member with name [COOKIENAME]; enable [trigger data member] in admininistrator to also invoke getters and setters"
"ERROR","web-0","12/02/2011","11:34:46","","Component [controllers.Sessions] has no acessible Member with name [COOKIENAME]; enable [trigger data member] in admininistrator to also invoke getters and setters"
"ERROR","web-0","12/02/2011","11:34:53","","Component [controllers.Sessions] has no acessible Member with name [COOKIENAME]; enable [trigger data member] in admininistrator to also invoke getters and setters"
"ERROR","web-0","12/02/2011","11:35:31","","Component [controllers.Sessions] has no acessible Member with name [COOKIENAME]; enable [trigger data member] in admininistrator to also invoke getters and setters"
"ERROR","web-0","12/02/2011","11:38:42","","Component [controllers.Sessions] has no acessible Member with name [VERSION]; enable [trigger data member] in admininistrator to also invoke getters and setters"
"ERROR","web-0","12/02/2011","11:39:53","","Component [controllers.Sessions] has no acessible Member with name [VERSION]; enable [trigger data member] in admininistrator to also invoke getters and setters"
"ERROR","web-0","12/02/2011","12:13:32","","Component [controllers.Sessions] has no acessible Member with name [VERSION]; enable [trigger data member] in admininistrator to also invoke getters and setters"
"ERROR","web-0","12/02/2011","12:14:14","","Component [controllers.Sessions] has no acessible Member with name [VERSION]; enable [trigger data member] in admininistrator to also invoke getters and setters"
"ERROR","web-0","12/02/2011","12:14:28","","Component [controllers.Sessions] has no acessible Member with name [VERSION]; enable [trigger data member] in admininistrator to also invoke getters and setters"
"ERROR","web-0","12/02/2011","12:19:23","","Component [controllers.Sessions] has no acessible Member with name [VERSION]; enable [trigger data member] in admininistrator to also invoke getters and setters"
"ERROR","web-0","12/02/2011","12:19:35","","Component [controllers.Sessions] has no acessible Member with name [VERSION]; enable [trigger data member] in admininistrator to also invoke getters and setters"
"ERROR","web-0","12/02/2011","12:20:09","","Component [controllers.Sessions] has no acessible Member with name [VERSION]; enable [trigger data member] in admininistrator to also invoke getters and setters"
"ERROR","web-0","12/02/2011","12:29:52","","Component [controllers.Sessions] has no acessible Member with name [SECRETKEY]"
"ERROR","web-0","12/02/2011","12:57:41","","Component [controllers.Sessions] has no acessible Member with name [SECRETKEY]"
"ERROR","web-0","12/02/2011","12:59:44","","Component [controllers.Sessions] has no acessible Member with name [SECRETKEY]; enable [trigger data member] in admininistrator to also invoke getters and setters"
"ERROR","web-0","12/02/2011","13:00:17","","Component [controllers.Sessions] has no acessible Member with name [VERSION]; enable [trigger data member] in admininistrator to also invoke getters and setters"
"ERROR","web-0","12/02/2011","13:00:59","","Component [controllers.Sessions] has no acessible Member with name [VERSION]; enable [trigger data member] in admininistrator to also invoke getters and setters"
"ERROR","web-0","12/02/2011","13:38:48","","No matching Method/Function for SETREMEMBERMECOOKIE(numeric)"
"ERROR","web-0","12/02/2011","13:40:01","","No matching Method/Function for SETREMEMBERMECOOKIE(numeric)"
"ERROR","web-0","12/02/2011","13:40:13","","Component [controllers.Sessions] has no acessible Member with name [COOKIENAME]"
"ERROR","web-0","12/02/2011","13:47:53","","Component [controllers.Sessions] has no acessible Member with name [COOKIENAME]"
"ERROR","web-0","12/02/2011","13:47:55","","Component [controllers.Sessions] has no acessible Member with name [COOKIENAME]"
"ERROR","web-0","12/02/2011","13:47:57","","The parameter IDENTIFIER to function rememberMe is required but was not passed in."
"ERROR","web-0","12/02/2011","14:05:56","","Component [controllers.Sessions] has no acessible Member with name [WHEELS]"
"ERROR","web-0","12/02/2011","14:10:56","","component [plugins.RememberMe.RememberMe] has no  function with name [init]"
"ERROR","web-0","12/02/2011","14:11:14","","component [plugins.RememberMe.RememberMe] has no  function with name [init]"
"ERROR","web-0","12/02/2011","14:30:59","","No matching Method/Function for FORGETME()"
"ERROR","web-0","12/02/2011","14:31:16","","invalid construct"
"ERROR","web-0","12/02/2011","14:35:55","","Component [controllers.Sessions] has no acessible Member with name [WHEELS]"
"ERROR","web-0","12/02/2011","14:36:08","","Component [controllers.Sessions] has no acessible Member with name [WHEELS]"
"ERROR","web-0","12/02/2011","14:39:11","","Component [controllers.Sessions] has no acessible Member with name [WHEELS]"
"ERROR","web-0","12/02/2011","14:40:12","","Component [controllers.Sessions] has no acessible Member with name [WHEELS]"
"ERROR","web-0","12/02/2011","14:40:25","","Component [controllers.Sessions] has no acessible Member with name [WHEELS]"
"ERROR","web-0","12/02/2011","14:41:36","","No matching Method/Function for INITIALIZE()"
"ERROR","web-0","12/02/2011","14:42:25","","No matching Method/Function for INITIALIZE()"
"ERROR","web-0","12/02/2011","14:43:15","","No matching Method/Function for INI()"
"ERROR","web-0","12/02/2011","14:56:13","","Component [controllers.Sessions] has no acessible Member with name [WHEELS]"
"ERROR","web-0","12/02/2011","14:56:58","","Component [controllers.Sessions] has no acessible Member with name [WHEELS]"
"ERROR","web-0","12/02/2011","14:59:14","","Component [controllers.Sessions] has no acessible Member with name [WHEELS]"
"ERROR","web-0","12/02/2011","15:01:46","","Component [controllers.Sessions] has no acessible Member with name [WHEELS]"
"ERROR","web-0","12/02/2011","15:03:17","","Component [controllers.Pages] has no acessible Member with name [WHEELS]"
"ERROR","web-0","12/02/2011","15:11:17","","Component [controllers.Sessions] has no acessible Member with name [WHEELS]"
"ERROR","web-0","12/02/2011","15:11:33","","Component [controllers.Sessions] has no acessible Member with name [WHEELS]"
"ERROR","web-0","12/02/2011","15:11:54","","Component [controllers.Pages] has no acessible Member with name [WHEELS]"
"ERROR","web-0","12/02/2011","15:12:04","","Component [controllers.Sessions] has no acessible Member with name [WHEELS]"
"ERROR","web-0","12/02/2011","15:12:28","","Component [controllers.Pages] has no acessible Member with name [WHEELS]"
"ERROR","web-0","12/02/2011","15:14:57","","Component [controllers.Sessions] has no acessible Member with name [WHEELS]"
"ERROR","web-0","12/02/2011","15:17:07","","Component [controllers.Sessions] has no acessible Member with name [WHEELS]"
"ERROR","web-0","12/02/2011","15:17:39","","Component [controllers.Sessions] has no acessible Member with name [WHEELS]"
"ERROR","web-0","12/02/2011","15:18:33","","Component [controllers.Sessions] has no acessible Member with name [WHEELS]"
"ERROR","web-0","12/02/2011","15:19:11","","Component [controllers.Sessions] has no acessible Member with name [WHEELS]"
"ERROR","web-0","12/02/2011","15:19:19","","Component [controllers.Sessions] has no acessible Member with name [WHEELS]"
"ERROR","web-0","12/02/2011","16:31:45","","Component [controllers.Sessions] has no acessible Member with name [WHEELS]"
"ERROR","web-0","12/02/2011","16:42:47","","the function init has a invalid return value , can't cast Object type [Component plugins.TestPlug.TestPlug] to a value of type [void]"
"ERROR","web-0","12/02/2011","16:43:04","","the function init has a invalid return value , can't cast Object type [Component plugins.TestPlug.TestPlug] to a value of type [void]"
"ERROR","web-0","12/02/2011","16:43:07","","the function init has a invalid return value , can't cast Object type [Component plugins.TestPlug.TestPlug] to a value of type [void]"
"ERROR","web-0","12/02/2011","16:43:21","","key [DISPATCH] doesn't exist in struct (keys:IPEXCEPTIONS,FILEPATH,SENDEMAILONERROR,MIXINS,NONEXISTINGHELPERFILES,SESSIONMANAGEMENT,AUTOMATICVALIDATIONS,OVERWRITEPLUGINS,OBFUSCATEURLS,CACHEROUTES,WHEELSCOMPONENTPATH,FORMATS,CACHEIMAGES,DELETEPLUGINDIRECTORIES,SETUPDATEDATONCREATE,LOADINCOMPATIBLEPLUGINS,TABLENAMEPREFIX,EXCLUDEFROMERROREMAIL,CACHEQUERIES,CACHECULLPERCENTAGE,EXISTINGLAYOUTFILES,EXISTINGOBJECTFILES,EVENTPATH,MIMETYPES,SOFTDELETEPROPERTY,PROTECTEDCONTROLLERMETHODS,RELOADPASSWORD,CACHEDATEPART,FLASHSTORAGE,PLUGINCOMPONENTPATH,CONFIGPATH,CACHEPAGES,CACHEMODELINITIALIZATION,MODELS,ENVIRONMENT,CACHEACTIONS,CACHELASTCULLEDAT,DATASOURCEPASSWORD,CACHECONTROLLERINITIALIZATION,IMAGEPATH,ROUTES,VIEWPATH,CACHECULLINTERVAL,SHOWERRORINFORMATION,LOADDEFAULTROUTES,CONTROLLERPATH,CACHEQUERIESDURINGREQUEST,MODELPATH,SHOWDEBUGINFORMATION,MODELCOMPONENTPATH,INITIALIZED,WEBPATH,URLREWRITING,ERROREMAILSUBJECT,VERSION,CACHEDATABASESCHEMA,NONEXISTINGLAYOUTFILES,MAXIMUMITEMSTOCACHE,NONEXISTINGOBJECTFILES,ASSETQUERYSTRING,TIMESTAMPONUPDATEPROPERTY,JAVASCRIPTPATH,ERROREMAILADDRESS,FUNCTIONS,STYLESHEETPATH,CACHE,NAMEDROUTEPOSITIONS,CLEARQUERYCACHEONRELOAD,PLUGINPATH,DATASOURCEUSERNAME,SERVERVERSION,TIMESTAMPONCREATEPROPERTY,SERVERNAME,EXISTINGHELPERFILES,ASSETPATHS,CONTROLLERS,REWRITEFILE,DEFAULTCACHETIME,ROOTPATH,USEEXPANDEDCOLUMNALIASES,CACHEPLUGINS,ROOTCOMPONENTPATH,DATASOURCENAME,CACHEPARTIALS,TRANSACTIONMODE,CACHEFILECHECKING)"
"ERROR","web-0","12/02/2011","16:43:25","","Component [controllers.Pages] has no acessible Member with name [STUFF]; enable [trigger data member] in admininistrator to also invoke getters and setters"
"ERROR","web-0","12/02/2011","16:43:52","","Component [controllers.Pages] has no acessible Member with name [STUFF]; enable [trigger data member] in admininistrator to also invoke getters and setters"
"ERROR","web-0","12/02/2011","16:44:12","","Component [controllers.Pages] has no acessible Member with name [STUFF]; enable [trigger data member] in admininistrator to also invoke getters and setters"
"ERROR","web-0","12/02/2011","16:48:18","","Component [controllers.Pages] has no acessible Member with name [STUFF]; enable [trigger data member] in admininistrator to also invoke getters and setters"
"ERROR","web-0","12/02/2011","16:48:46","","Component [controllers.Pages] has no acessible Member with name [STUFF]; enable [trigger data member] in admininistrator to also invoke getters and setters"
"ERROR","web-0","12/02/2011","17:05:09","","Component [controllers.Sessions] has no acessible Member with name [SETTINGS]; enable [trigger data member] in admininistrator to also invoke getters and setters"
"ERROR","web-0","12/02/2011","17:22:24","","variable [USERID] doesn't exist"
"ERROR","web-0","12/02/2011","17:22:39","","No matching Method/Function [SETCOOKIE] for call with named arguments found "
"ERROR","web-0","12/02/2011","17:22:56","","No matching Method/Function [SETCOOKIE] for call with named arguments found "
"ERROR","web-0","12/02/2011","17:23:08","","key [SETTINGS] doesn't exist in struct (keys:applicationname,WHEELS)"
"ERROR","web-0","12/02/2011","17:24:56","","key [SETTINGS] doesn't exist in struct (keys:applicationname,WHEELS)"
"ERROR","web-0","12/02/2011","17:25:06","","key [NAME] doesn't exist in argument scope"
"ERROR","web-0","12/02/2011","17:25:22","","key [NAME] doesn't exist in argument scope"
"ERROR","web-0","12/02/2011","17:30:51","","No matching Method/Function for FORGETME()"
"ERROR","web-0","12/02/2011","17:55:19","","key [APPLICATIONAME] doesn't exist in struct (keys:applicationname,WHEELS)"
"ERROR","web-0","12/02/2011","17:56:24","","key [APPLICATIONAME] doesn't exist in struct (keys:applicationname,WHEELS)"
"ERROR","web-0","12/02/2011","17:56:28","","key [APPLICATIONAME] doesn't exist in struct (keys:applicationname,WHEELS)"
"ERROR","web-0","12/02/2011","18:00:19","","key [APPLICATIONAME] doesn't exist in struct (keys:applicationname,WHEELS)"
"ERROR","web-0","12/02/2011","18:00:20","","key [APPLICATIONAME] doesn't exist in struct (keys:applicationname,WHEELS)"
"ERROR","web-0","12/02/2011","18:00:20","","key [APPLICATIONAME] doesn't exist in struct (keys:applicationname,WHEELS)"
"ERROR","web-0","12/02/2011","18:00:20","","key [APPLICATIONAME] doesn't exist in struct (keys:applicationname,WHEELS)"
"ERROR","web-0","12/02/2011","18:00:21","","key [APPLICATIONAME] doesn't exist in struct (keys:applicationname,WHEELS)"
"ERROR","web-0","12/02/2011","18:01:09","","key [APPLICATIONAME] doesn't exist in struct (keys:applicationname,WHEELS)"
"ERROR","web-0","12/02/2011","18:01:10","","key [APPLICATIONAME] doesn't exist in struct (keys:applicationname,WHEELS)"
"ERROR","web-0","12/02/2011","18:01:10","","key [APPLICATIONAME] doesn't exist in struct (keys:applicationname,WHEELS)"
"ERROR","web-0","12/02/2011","18:01:40","","key [APPLICATIONAME] doesn't exist in struct (keys:applicationname,WHEELS)"
"ERROR","web-0","12/02/2011","18:01:41","","key [APPLICATIONAME] doesn't exist in struct (keys:applicationname,WHEELS)"
"ERROR","web-0","12/02/2011","18:01:53","","key [SINGLETABLEINHERITANCE] doesn't exist in struct (keys:REMEMBERME)"
"ERROR","web-0","12/02/2011","18:02:20","","key [SINGLETABLEINHERITANCE] doesn't exist in struct (keys:REMEMBERME)"
"ERROR","web-0","12/02/2011","18:02:21","","key [SINGLETABLEINHERITANCE] doesn't exist in struct (keys:REMEMBERME)"
"ERROR","web-0","12/02/2011","18:02:26","","Can't cast Complex Object Type Struct to String; Use Build-In-Function ""serialize(Struct):String"" to create a String from Struct"
"ERROR","web-0","12/02/2011","18:02:58","","Can't cast Complex Object Type Struct to String; Use Build-In-Function ""serialize(Struct):String"" to create a String from Struct"
"ERROR","web-0","12/02/2011","18:03:03","","Component [controllers.Sessions] has no acessible Member with name [750CA8D33AB3C8CA403EAA695D943C3A]; enable [trigger data member] in admininistrator to also invoke getters and setters"
"ERROR","web-0","12/02/2011","18:04:04","","Component [controllers.Sessions] has no acessible Member with name [750CA8D33AB3C8CA403EAA695D943C3A]; enable [trigger data member] in admininistrator to also invoke getters and setters"
"ERROR","web-0","12/02/2011","18:04:05","","Component [controllers.Sessions] has no acessible Member with name [750CA8D33AB3C8CA403EAA695D943C3A]; enable [trigger data member] in admininistrator to also invoke getters and setters"
"ERROR","web-0","12/02/2011","18:04:32","","component [plugins.RememberMe.RememberMe] has no  function with name [init]"
"ERROR","web-0","12/02/2011","18:07:19","","No matching Method/Function for GETUNIQUENAME()"
"ERROR","web-0","12/02/2011","18:07:49","","No matching Method/Function for GETUNIQUENAME()"
"ERROR","web-0","12/02/2011","18:08:17","","No matching Method/Function for $RM_GETUNIQUENAME()"
"ERROR","web-0","12/02/2011","18:08:49","","No matching Method/Function for $RM_GETUNIQUENAME()"
"ERROR","web-0","12/02/2011","18:09:24","","Can't cast Complex Object Type Struct to String; Use Build-In-Function ""serialize(Struct):String"" to create a String from Struct"
"ERROR","web-0","12/02/2011","18:09:48","","Can't cast Complex Object Type Struct to String; Use Build-In-Function ""serialize(Struct):String"" to create a String from Struct"
"ERROR","web-0","12/02/2011","18:10:22","","Can't cast Complex Object Type Struct to String; Use Build-In-Function ""serialize(Struct):String"" to create a String from Struct"
"ERROR","web-0","12/02/2011","18:10:51","","Can't cast Complex Object Type Struct to String; Use Build-In-Function ""serialize(Struct):String"" to create a String from Struct"
"ERROR","web-0","12/02/2011","18:21:35","","Component [controllers.Sessions] has no acessible Member with name [WHEELS]"
"ERROR","web-0","12/02/2011","18:23:02","","Component [controllers.Sessions] has no acessible Member with name [WHEELS]"
"ERROR","web-0","12/02/2011","18:23:33","","Component [controllers.Sessions] has no acessible Member with name [WHEELS]"
"ERROR","web-0","12/02/2011","18:29:10","","Component [controllers.Sessions] has no acessible Member with name [WHEELS]"
"ERROR","web-0","12/03/2011","15:27:31","","Component [controllers.Sessions] has no acessible Member with name [SOMETHING]; enable [trigger data member] in admininistrator to also invoke getters and setters"
"ERROR","web-0","12/03/2011","16:09:45","","Component [controllers.Sessions] has no acessible Member with name [SOMETHING]; enable [trigger data member] in admininistrator to also invoke getters and setters"
"ERROR","web-0","12/04/2011","11:45:29","","Component [controllers.Sessions] has no acessible Member with name [SOMETHING]; enable [trigger data member] in admininistrator to also invoke getters and setters"
"ERROR","web-0","12/04/2011","11:45:32","","Component [controllers.Sessions] has no acessible Member with name [SOMETHING]; enable [trigger data member] in admininistrator to also invoke getters and setters"
"ERROR","web-0","12/04/2011","11:45:32","","Component [controllers.Sessions] has no acessible Member with name [SOMETHING]; enable [trigger data member] in admininistrator to also invoke getters and setters"
"ERROR","web-0","12/04/2011","11:45:33","","Component [controllers.Sessions] has no acessible Member with name [SOMETHING]; enable [trigger data member] in admininistrator to also invoke getters and setters"
"ERROR","web-0","12/04/2011","11:45:33","","Component [controllers.Sessions] has no acessible Member with name [SOMETHING]; enable [trigger data member] in admininistrator to also invoke getters and setters"
"ERROR","web-0","12/04/2011","11:46:09","","component [plugins.RememberMe.RememberMe] has no private function with name [init]; accessible functions are [REMEMBERME,REMEMBER,$RM_GETUNIQUENAME,INIT,SOMETHING]"
"ERROR","web-0","12/04/2011","11:46:27","","Component [controllers.Sessions] has no acessible Member with name [SOMETHING]; enable [trigger data member] in admininistrator to also invoke getters and setters"
"ERROR","web-0","12/04/2011","11:49:24","","Component [controllers.Sessions] has no acessible Member with name [SOMETHING]; enable [trigger data member] in admininistrator to also invoke getters and setters"
"ERROR","web-0","12/04/2011","11:51:50","","Component [controllers.Sessions] has no acessible Member with name [SOMETHING]; enable [trigger data member] in admininistrator to also invoke getters and setters"
"ERROR","web-0","12/04/2011","12:19:48","","component [controllers.Sessions] has no private function with name [init]; accessible functions are [$THROW,CONTENTFORLAYOUT,$ADDCACHABLEACTION,RENDERPAGE,$HASCACHABLEACTIONS,$LISTCLEAN,RADIOBUTTONTAG,$INCLUDEANDOUTPUT,$RENDERPAGEANDADDTOCACHE,$USELAYOUT,$CACHABLEACTIONS,SETFILTERCHAIN,$GENERATERENDERWITHTEMPLATEPATH,ISPOST,$ARGS,$APPENDQUERYSTRING,$LOADPLUGINS,FORMATDATE,FLASHDELETE,REDIRECTTO,$REMOVEFROMCACHE,$CREATELABEL,REDIRECTAFTERLOGIN,$URLENCODE,RESTRICTACCESS,TIMESELECT,FILEFIELDTAG,$TOXML,$ADDTOJAVASCRIPTATTRIBUTE,DATESELECTTAGS,CAPITALIZE,$INCLUDEORRENDERPARTIAL,STRIPLINKS,$CLEARCACHE,STRIPTAGS,$CACHE,$TAG,BUTTONTO,$TAGATTRIBUTE,SETRESPONSE,$AMPMSELECTTAG,HUMANIZE,TEXTAREA,$SECONDSELECTTAG,ERRORMESSAGEON,$INCLUDEFILE,$PERFORMEDREDIRECT,STYLESHEETLINKTAG,$CREATECONTROLLERCLASS,$STRUCTKEYSEXIST,$INVOKE,$GETFIELDLABEL,HYPHENIZE,$CLEARMODELINITIALIZATIONCACHE,ISGET,$WDDX,$OPTIONSFORSELECT,FLASHINSERT,$INITCONTROLLERCLASS,$HASMANYFORMVALUE,$INCLUDE,$HASHEDKEY,$CHECKMINIMUMVERSION,$CHECKVERIFICATIONSVARS,TIMEAGOINWORDS,RENDERNOTHING,$ASSETDOMAIN,HASMANYCHECKBOX,BUTTONTAG,$ZIP,RENDERWITH,$HTMLHEAD,$RM_GETUNIQUENAME,TIMESELECTTAGS,LINKTO,H,DAYSELECTTAG,$NAMEDREADLOCK,DEOBFUSCATEPARAM,TEXTFIELD,TEXTFIELDTAG,$FORMBEFOREELEMENT,$RENDERPAGE,$GETFLASHSTORAGE,INCLUDECONTENT,REMEMBERME,ISAJAX,$CREATEMODELCLASS,$COMBINEARGUMENTS,$OPTION,$CONSTRUCTPARAMS,FLASHMESSAGETAG,TIMEUNTILINWORDS,MINUTESELECTTAG,GETCONNECTEDUSER,LOGIN,$ELEMENT,JAVASCRIPTINCLUDETAG,$GETCONTROLLERCLASSDATA,$FLASHCLEAR,$ADDTOCACHE,$MAXLENGTH,INDEX,SENDEMAIL,GET,RENDERTEXT,$GETOBJECT,SELECT,INIT,$SIMPLELOCK,$LOADROUTES,ADDDEFAULTROUTES,$INITCONTROLLEROBJECT,$OBJECTNAME,ADDFORMAT,PAGINATIONLINKS,ISSECURE,$SWAPARRAYPOSITIONSFORIDS,REMEMBER,FLASHCLEAR,MODEL,CONNECT,DATETIMESELECT,SET,SINGULARIZE,$ABORTINVALIDREQUEST,$INITIALIZEREQUESTSCOPE,$HEADER,RESPONSE,$RUNVERIFICATIONS,$GETREDIRECT,$ABORT,$MONTHSELECTTAG,URLFOR,$YEARSELECTTAG,USESLAYOUT,$REQUESTCONTENTTYPE,$CACHEDCONTROLLERCLASSEXISTS,FILEFIELD,PROVIDES,$CACHESETTINGSFORACTION,$MAIL,MAILTO,$RENDERPARTIALANDADDTOCACHE,$FORMAFTERELEMENT,TOXHTML,FLASHISEMPTY,CHECKBOX,$CLEARCONTROLLERINITIALIZATIONCACHE,MONTHSELECTTAG,FLASHCOUNT,$SINGULARIZEORPLURALIZE,ENDFORMTAG,FLASH,CHECKBOXTAG,$OBJECTCACHE,VERIFIES,HIGHLIGHT,HASMANYRADIOBUTTON,$CLEARCACHABLEACTIONS,$SETNAMEDROUTEPOSITIONS,CACHES,INCLUDELAYOUT,CONTENTFOR,$PERFORMEDRENDER,$MAPSTRUCT,$SETTING,MIMETYPES,RADIOBUTTON,$IMAGETAG,ONLYPROVIDES,$DIRECTORY,$ARGUMENTSFORPARTIAL,PASSWORDFIELDTAG,$STRUCTDELETE,INCLUDEDINOBJECT,TRUNCATE,$READFLASH,RESETCYCLE,BADLOGIN,FILTERS,AUTOLINK,DISTANCEOFTIMEINWORDS,$FILEEXISTSNOCASE,FLASHKEEP,$TAGID,HIDDENFIELD,$YEARMONTHHOURMINUTESECONDSELECTTAG,$SETCONTROLLERCLASSDATA,FLASHMESSAGES,$OBJECTFILENAME,$FORMATTEMPLATEPATHEXISTS,SUBMITTAG,$CREATECONTROLLEROBJECT,VERIFICATIONCHAIN,$CGISCOPE,$RENDERLAYOUT,$ROUTEVARIABLES,TITLEIZE,$RUNFILTERS,SECONDSELECTTAG,SIMPLEFORMAT,$CREATEOBJECTFROMROOT,$DUMP,$HOURSELECTTAG,$ABORTISSUED,$ADDIMAGETAGTOCACHE,SENDFILE,$DOLLARIFY,$TAGNAME,LOGOUT,$FORMHASERROR,$AUTOLINKLOOP,PAGINATION,DATETIMESELECTTAGS,CHECKLOGINPARAMS,$DATEORTIMESELECT,ISCONNECTED,$SETCACHABLEACTIONS,$WRITEFLASH,$FORMVALUE,$RENDERPARTIAL,PLUGINNAMES,PASSWORDFIELD,$CONTENT,$DAYSELECTTAG,FILTERCHAIN,$DOUBLECHECKEDLOCK,$IMAGE,$DBINFO,ADDROUTE,$PROCESSACTION,OBFUSCATEPARAM,CYCLE,$MINUTESELECTTAG,$SETFLASHSTORAGE,PLURALIZE,HOURSELECTTAG,SELECTTAG,ERRORMESSAGESFOR,$FINDROUTE,DATESELECT,GETCONNECTEDUSERID,SETVERIFICATIONCHAIN,$INCLUDEANDRETURNOUTPUT,$DATEFORSELECTTAGS,YEARSELECTTAG,CONTROLLER,$LOCATION,$CACHECOUNT,$CALLACTION,RENDERPARTIAL,$PERFORMEDRENDERORREDIRECT,IMAGETAG,$CALLACTIONANDADDTOCACHE,INCLUDEPARTIAL,$CACHEDMODELCLASSEXISTS,$DEBUGPOINT,EXCERPT,$GENERATEINCLUDETEMPLATEPATH,$FILE,$DEPRECATED,HIDDENFIELDTAG,$TIMESPANFORCACHE,FLASHKEYEXISTS,$ACCEPTABLEFORMATS,$CONVERTTOSTRING,$YEARMONTHHOURMINUTESECONDSELECTTAGCONTENT,TEXTAREATAG,DISCONNECT,WORDTRUNCATE,$GETFROMCACHE,STARTFORMTAG]"
"ERROR","web-0","12/04/2011","13:17:28","","No matching Method/Function for FORGETME()"
"ERROR","web-0","12/04/2011","13:19:14","","The parameter encryptionKey to function setCookie is required but was not passed in."
"ERROR","web-0","12/04/2011","13:21:09","","The parameter encryptionKey to function setCookie is required but was not passed in."
"ERROR","web-0","12/04/2011","13:22:09","","The parameter encryptionKey to function setCookie is required but was not passed in."
"ERROR","web-0","12/04/2011","13:44:14","","Can't cast String [1B7EECC8-0F6F-4] to a value of type [Struct]; Java type of the object is java.lang.String"
"ERROR","web-0","12/04/2011","13:40:54","","variable [PARAMS] doesn't exist"
"ERROR","web-0","12/04/2011","13:41:56","","variable [PARAMS] doesn't exist"
"ERROR","web-0","12/04/2011","13:42:27","","variable [PARAMS] doesn't exist"
"ERROR","web-0","12/04/2011","13:42:28","","variable [PARAMS] doesn't exist"
"ERROR","web-0","12/04/2011","13:42:42","","variable [PARAMS] doesn't exist"
"ERROR","web-0","12/04/2011","13:42:42","","variable [PARAMS] doesn't exist"
"ERROR","web-0","12/04/2011","13:42:46","","variable [PARAMS] doesn't exist"
"ERROR","web-0","12/04/2011","13:43:42","","variable [PARAMS] doesn't exist"
"ERROR","web-0","12/04/2011","13:43:42","","variable [PARAMS] doesn't exist"
"ERROR","web-0","12/04/2011","13:43:43","","variable [PARAMS] doesn't exist"
"ERROR","web-0","12/04/2011","13:43:48","","variable [PARAMS] doesn't exist"
"ERROR","web-0","12/04/2011","13:46:24","","variable [PARAMS] doesn't exist"
"ERROR","web-0","12/04/2011","13:50:13","","variable [PARAMS] doesn't exist"
"ERROR","web-0","12/04/2011","13:51:15","","variable [PARAMS] doesn't exist"
"ERROR","web-0","12/04/2011","15:06:10","","component [plugins.RememberMe.RememberMe] has no  function with name [init]"
"ERROR","web-0","12/04/2011","15:07:19","","Component [controllers.Sessions] has no acessible Member with name [WHEELS]"
"ERROR","web-0","12/04/2011","15:08:10","","Component [controllers.Sessions] has no acessible Member with name [WHEELS]"
"ERROR","web-0","12/04/2011","15:21:20","","variable [PARAMS] doesn't exist"
"ERROR","web-0","12/05/2011","13:39:17","","Wrong keysize: must be equal to 128, 192 or 256"
"ERROR","web-0","06/27/2012","21:40:15","","Page /plugins/SingleTableInheritance/SingleTableInheritance.cfc [C:\dev\websites\cfw-usermanager\plugins\SingleTableInheritance\SingleTableInheritance.cfc] not found"
"ERROR","web-0","06/27/2012","21:40:28","","Page /plugins/SingleTableInheritance/SingleTableInheritance.cfc [C:\dev\websites\cfw-usermanager\plugins\SingleTableInheritance\SingleTableInheritance.cfc] not found"
"ERROR","web-0","06/27/2012","21:40:36","","key [CUSTOMER] doesn't exist in struct (keys:action,controller,reload)"
"ERROR","web-0","06/27/2012","21:41:28","","variable [USER] doesn't exist"
"ERROR","web-0","06/28/2012","00:12:38","","No matching Method/Function for SIGNEDIN()"
"ERROR","web-0","06/28/2012","00:17:16","","No matching Method/Function for RENDER(string)"
"ERROR","web-0","06/28/2012","00:17:28","","Page /views/new/create.cfm [C:\dev\websites\cfw-usermanager\views\new\create.cfm] not found"
"ERROR","web-0","06/28/2012","00:40:49","","No matching Method/Function [SENDMAIL] for call with named arguments found "
"ERROR","web-0","06/28/2012","08:20:33","","key [NAME] doesn't exist in struct (keys:ID)"
"ERROR","web-0","06/28/2012","08:34:38","","key [NAME] doesn't exist in struct (keys:ID)"
"ERROR","web-0","06/28/2012","08:39:33","","No matching property [NAME] found in [railo.runtime.type.UDFImpl]"
"ERROR","web-0","06/28/2012","08:39:56","","No matching property [NAME] found in [railo.runtime.type.UDFImpl]"
"ERROR","web-0","06/28/2012","08:42:29","","Page /password-resets/index.cfm [C:\dev\websites\cfw-usermanager\password-resets\index.cfm] not found"
"ERROR","web-0","06/28/2012","08:42:56","","Page /password-resets/new.cfm [C:\dev\websites\cfw-usermanager\password-resets\new.cfm] not found"
"ERROR","web-0","06/28/2012","09:52:49","","The parameter pattern to function addRoute is required but was not passed in."
"ERROR","web-0","06/28/2012","09:59:40","","No matching Method/Function for CURRENTUSER()"
"ERROR","web-0","06/28/2012","10:00:26","","No matching Method/Function for CURRENTUSER()"
"ERROR","web-0","06/28/2012","10:01:38","","No matching Method/Function for CURRENTUSER()"
"ERROR","web-0","06/28/2012","10:01:42","","No matching Method/Function for CURRENTUSER()"
"ERROR","web-0","06/28/2012","10:01:54","","No matching Method/Function for CURRENTUSER()"
"ERROR","web-0","06/28/2012","10:02:07","","No matching Method/Function for CURRENTUSER()"
"ERROR","web-0","06/28/2012","10:57:45","","key [KEY] doesn't exist in struct (keys:ROUTE,ACTION,CONTROLLER)"
"ERROR","web-0","06/28/2012","10:58:47","","key [KEY] doesn't exist in struct (keys:ROUTE,ACTION,CONTROLLER)"
"ERROR","web-0","06/28/2012","10:59:05","","No matching property [NAME] found in [railo.runtime.type.UDFImpl]"
"ERROR","web-0","06/28/2012","10:59:19","","No matching property [NAME] found in [railo.runtime.type.UDFImpl]"
"ERROR","web-0","06/28/2012","11:12:21","","key [KEY] doesn't exist in struct (keys:action,controller)"
"ERROR","web-0","06/28/2012","11:20:44","","key [KEY] doesn't exist in struct (keys:action,controller,user)"
"ERROR","web-0","06/28/2012","11:21:05","","key [KEY] doesn't exist in struct (keys:action,controller,user)"
"ERROR","web-0","06/28/2012","11:28:11","","Page /views/users/_user_form.cfm [C:\dev\websites\cfw-usermanager\views\users\_user_form.cfm] not found"
"ERROR","web-0","06/28/2012","11:30:41","","Page /views/users/_user_form.cfm [C:\dev\websites\cfw-usermanager\views\users\_user_form.cfm] not found"
"ERROR","web-0","06/28/2012","11:31:00","","Page /views/users/_user_form.cfm [C:\dev\websites\cfw-usermanager\views\users\_user_form.cfm] not found"
"ERROR","web-0","06/28/2012","11:33:15","","Page /views/new/create.cfm [C:\dev\websites\cfw-usermanager\views\new\create.cfm] not found"
"ERROR","web-0","06/28/2012","11:36:00","","variable [CUSTOMER] doesn't exist"
"ERROR","web-0","06/28/2012","12:18:48","","key [role] doesn't exist in struct (keys:ID)"
"ERROR","web-0","06/28/2012","13:30:57","","component [controllers.Sessions] has no  function with name [$initControllerClass]"
"ERROR","web-0","06/28/2012","13:31:12","","component [controllers.Sessions] has no  function with name [$initControllerClass]"
"ERROR","web-0","06/28/2012","13:33:03","","Component [models.User] has no acessible Member with name [ROLE]; enable [trigger data member] in admininistrator to also invoke getters and setters"
"ERROR","web-0","06/28/2012","22:25:50","","variable [USER] doesn't exist"
"ERROR","web-0","06/28/2012","22:48:29","","Page /plugins/SingleTableInheritance/SingleTableInheritance.cfc [C:\dev\websites\cfw-usermanager\plugins\SingleTableInheritance\SingleTableInheritance.cfc] not found"
