"Severity","ThreadID","Date","Time","Application","Message"
"ERROR","web-0","10/21/2011","17:19:41","mail spooler","javax.mail.AuthenticationFailedException"
"ERROR","web-0","10/21/2011","17:19:54","mail spooler","javax.mail.AuthenticationFailedException"
"ERROR","web-0","10/21/2011","17:20:58","mail spooler","javax.mail.AuthenticationFailedException"
"ERROR","web-0","10/21/2011","17:22:01","mail spooler","javax.mail.AuthenticationFailedException"
"ERROR","web-0","10/21/2011","17:23:04","mail spooler","javax.mail.AuthenticationFailedException"
"ERROR","web-0","10/21/2011","17:24:08","mail spooler","javax.mail.AuthenticationFailedException"
"ERROR","web-0","10/21/2011","17:24:20","mail spooler","javax.mail.AuthenticationFailedException"
"ERROR","web-0","10/21/2011","17:24:33","mail spooler","javax.mail.AuthenticationFailedException"
"ERROR","web-0","10/21/2011","17:24:55","mail spooler","javax.mail.AuthenticationFailedException"
"ERROR","web-0","10/21/2011","17:25:00","mail spooler","javax.mail.AuthenticationFailedException"
"ERROR","web-0","10/21/2011","17:25:08","mail spooler","javax.mail.AuthenticationFailedException"
"ERROR","web-0","10/21/2011","17:25:12","mail spooler","javax.mail.AuthenticationFailedException"
"ERROR","web-0","10/21/2011","17:25:15","mail spooler","javax.mail.AuthenticationFailedException"
"ERROR","web-0","10/21/2011","17:25:24","mail spooler","javax.mail.AuthenticationFailedException"
"ERROR","web-0","10/21/2011","17:25:37","mail spooler","javax.mail.AuthenticationFailedException"
"ERROR","web-0","10/21/2011","17:25:41","mail spooler","javax.mail.AuthenticationFailedException"
"ERROR","web-0","10/21/2011","17:26:12","mail spooler","javax.mail.AuthenticationFailedException"
"ERROR","web-0","10/21/2011","17:26:19","mail spooler","javax.mail.AuthenticationFailedException"
"ERROR","web-0","10/21/2011","17:26:41","mail spooler","javax.mail.AuthenticationFailedException"
"ERROR","web-0","10/21/2011","17:26:44","mail spooler","javax.mail.AuthenticationFailedException"
"ERROR","web-0","10/21/2011","17:27:15","mail spooler","javax.mail.AuthenticationFailedException"
"ERROR","web-0","10/21/2011","17:27:22","mail spooler","javax.mail.AuthenticationFailedException"
"ERROR","web-0","10/21/2011","17:27:44","mail spooler","javax.mail.AuthenticationFailedException"
"ERROR","web-0","10/21/2011","17:27:48","mail spooler","javax.mail.AuthenticationFailedException"
"ERROR","web-0","10/21/2011","17:28:18","mail spooler","javax.mail.AuthenticationFailedException"
"ERROR","web-0","10/21/2011","17:28:26","mail spooler","javax.mail.AuthenticationFailedException"
"ERROR","web-0","10/21/2011","17:28:48","mail spooler","javax.mail.AuthenticationFailedException"
"ERROR","web-0","10/21/2011","17:28:51","mail spooler","javax.mail.AuthenticationFailedException"
"ERROR","web-0","10/21/2011","17:29:22","mail spooler","javax.mail.AuthenticationFailedException"
"ERROR","web-0","10/21/2011","17:29:29","mail spooler","javax.mail.AuthenticationFailedException"
"ERROR","web-0","10/21/2011","17:29:51","mail spooler","javax.mail.AuthenticationFailedException"
"ERROR","web-0","10/21/2011","17:29:55","mail spooler","javax.mail.AuthenticationFailedException"
"ERROR","web-0","10/21/2011","17:30:25","mail spooler","javax.mail.AuthenticationFailedException"
"ERROR","web-0","10/21/2011","17:30:33","mail spooler","javax.mail.AuthenticationFailedException"
"ERROR","web-0","10/21/2011","17:30:58","mail spooler","javax.mail.AuthenticationFailedException"
"ERROR","web-0","10/21/2011","17:57:03","mail spooler","javax.mail.AuthenticationFailedException"
"ERROR","web-0","10/21/2011","17:57:16","mail spooler","javax.mail.AuthenticationFailedException"
"ERROR","web-0","10/21/2011","17:58:20","mail spooler","javax.mail.AuthenticationFailedException"
"ERROR","web-0","10/21/2011","17:59:23","mail spooler","javax.mail.AuthenticationFailedException"
"ERROR","web-0","10/21/2011","18:00:27","mail spooler","javax.mail.AuthenticationFailedException"
"ERROR","web-0","10/21/2011","18:01:30","mail spooler","javax.mail.AuthenticationFailedException"
"ERROR","web-0","10/21/2011","18:02:33","mail spooler","javax.mail.AuthenticationFailedException"
"ERROR","web-0","10/21/2011","18:13:24","mail spooler","javax.mail.AuthenticationFailedException"
"ERROR","web-0","10/21/2011","18:13:37","mail spooler","javax.mail.AuthenticationFailedException"
"ERROR","web-0","10/21/2011","18:14:40","mail spooler","javax.mail.AuthenticationFailedException"
"ERROR","web-0","10/21/2011","18:15:44","mail spooler","javax.mail.AuthenticationFailedException"
"ERROR","web-0","10/21/2011","18:16:47","mail spooler","javax.mail.AuthenticationFailedException"
"ERROR","web-0","10/21/2011","18:17:50","mail spooler","javax.mail.AuthenticationFailedException"
"ERROR","web-0","10/21/2011","18:18:54","mail spooler","javax.mail.AuthenticationFailedException"
"ERROR","web-0","10/21/2011","18:25:15","mail spooler","javax.mail.AuthenticationFailedException"
"ERROR","web-0","10/21/2011","18:29:55","mail spooler","javax.mail.AuthenticationFailedException"
"ERROR","web-0","10/21/2011","18:30:29","mail spooler","javax.mail.AuthenticationFailedException"
"ERROR","web-0","10/21/2011","18:30:36","mail spooler","javax.mail.AuthenticationFailedException"
"ERROR","web-0","10/21/2011","18:31:02","mail spooler","javax.mail.AuthenticationFailedException"
"ERROR","web-0","10/21/2011","18:44:14","mail spooler","javax.mail.AuthenticationFailedException"
"ERROR","web-0","10/21/2011","18:44:27","mail spooler","javax.mail.AuthenticationFailedException"
"ERROR","web-0","10/21/2011","18:45:31","mail spooler","javax.mail.AuthenticationFailedException"
"ERROR","web-0","10/21/2011","18:46:34","mail spooler","javax.mail.AuthenticationFailedException"
"ERROR","web-0","10/21/2011","18:47:16","mail spooler","javax.mail.AuthenticationFailedException"
"ERROR","web-0","10/21/2011","18:47:30","mail spooler","javax.mail.AuthenticationFailedException"
"ERROR","web-0","10/21/2011","18:47:37","mail spooler","javax.mail.AuthenticationFailedException"
"ERROR","web-0","10/21/2011","18:48:33","mail spooler","javax.mail.AuthenticationFailedException"
"ERROR","web-0","10/21/2011","18:48:41","mail spooler","javax.mail.AuthenticationFailedException"
"ERROR","web-0","10/21/2011","18:49:36","mail spooler","javax.mail.AuthenticationFailedException"
"ERROR","web-0","10/21/2011","18:49:44","mail spooler","javax.mail.AuthenticationFailedException"
"ERROR","web-0","10/21/2011","18:50:40","mail spooler","javax.mail.AuthenticationFailedException"
"ERROR","web-0","10/21/2011","18:51:43","mail spooler","javax.mail.AuthenticationFailedException"
"ERROR","web-0","10/21/2011","18:52:46","mail spooler","javax.mail.AuthenticationFailedException"
"ERROR","web-0","10/21/2011","19:02:37","mail spooler","javax.mail.AuthenticationFailedException"
"ERROR","web-0","10/21/2011","19:18:57","mail spooler","javax.mail.AuthenticationFailedException"
"ERROR","web-0","10/21/2011","19:25:19","mail spooler","javax.mail.AuthenticationFailedException"
"ERROR","web-0","10/21/2011","19:29:59","mail spooler","javax.mail.AuthenticationFailedException"
"ERROR","web-0","10/21/2011","19:30:32","mail spooler","javax.mail.AuthenticationFailedException"
"ERROR","web-0","10/21/2011","19:30:39","mail spooler","javax.mail.AuthenticationFailedException"
"ERROR","web-0","10/21/2011","19:31:05","mail spooler","javax.mail.AuthenticationFailedException"
"ERROR","web-0","10/21/2011","19:49:48","mail spooler","javax.mail.AuthenticationFailedException"
"ERROR","web-0","10/21/2011","19:53:16","mail spooler","javax.mail.AuthenticationFailedException"
"ERROR","web-0","10/21/2011","20:02:40","mail spooler","javax.mail.AuthenticationFailedException"
"ERROR","web-0","10/21/2011","20:19:01","mail spooler","javax.mail.AuthenticationFailedException"
"ERROR","web-0","10/21/2011","20:25:22","mail spooler","javax.mail.AuthenticationFailedException"
"ERROR","web-0","10/21/2011","20:30:02","mail spooler","javax.mail.AuthenticationFailedException"
"ERROR","web-0","10/21/2011","20:30:35","mail spooler","javax.mail.AuthenticationFailedException"
"ERROR","web-0","10/21/2011","20:30:43","mail spooler","javax.mail.AuthenticationFailedException"
"ERROR","web-0","10/21/2011","20:31:09","mail spooler","javax.mail.AuthenticationFailedException"
"ERROR","web-0","10/21/2011","20:46:29","mail spooler","javax.mail.AuthenticationFailedException"
"ERROR","web-0","10/21/2011","20:46:43","mail spooler","javax.mail.AuthenticationFailedException"
"ERROR","web-0","10/21/2011","20:47:46","mail spooler","javax.mail.AuthenticationFailedException"
"ERROR","web-0","10/21/2011","20:48:50","mail spooler","javax.mail.AuthenticationFailedException"
"ERROR","web-0","10/21/2011","20:49:51","mail spooler","javax.mail.AuthenticationFailedException"
"ERROR","web-0","10/21/2011","20:49:55","mail spooler","javax.mail.AuthenticationFailedException"
"ERROR","web-0","10/21/2011","20:50:58","mail spooler","javax.mail.AuthenticationFailedException"
"ERROR","web-0","10/21/2011","20:52:01","mail spooler","javax.mail.AuthenticationFailedException"
"ERROR","web-0","10/21/2011","20:53:20","mail spooler","javax.mail.AuthenticationFailedException"
"ERROR","web-0","10/21/2011","21:02:44","mail spooler","javax.mail.AuthenticationFailedException"
"ERROR","web-0","10/21/2011","21:19:04","mail spooler","javax.mail.AuthenticationFailedException"
"ERROR","web-0","10/21/2011","21:25:26","mail spooler","javax.mail.AuthenticationFailedException"
"ERROR","web-0","10/21/2011","21:30:05","mail spooler","javax.mail.AuthenticationFailedException"
"ERROR","web-0","10/21/2011","21:30:39","mail spooler","javax.mail.AuthenticationFailedException"
"ERROR","web-0","10/21/2011","21:30:46","mail spooler","javax.mail.AuthenticationFailedException"
"ERROR","web-0","10/21/2011","21:31:12","mail spooler","javax.mail.AuthenticationFailedException"
"ERROR","web-0","10/21/2011","22:17:24","mail spooler","javax.mail.AuthenticationFailedException"
"ERROR","web-0","10/21/2011","22:17:28","mail spooler","javax.mail.AuthenticationFailedException"
"ERROR","web-0","10/21/2011","22:17:31","mail spooler","javax.mail.AuthenticationFailedException"
"ERROR","web-0","10/21/2011","22:17:35","mail spooler","javax.mail.AuthenticationFailedException"
"ERROR","web-0","10/21/2011","22:19:07","mail spooler","javax.mail.AuthenticationFailedException"
"ERROR","web-0","10/21/2011","22:25:31","mail spooler","javax.mail.AuthenticationFailedException"
"ERROR","web-0","10/21/2011","22:30:09","mail spooler","javax.mail.AuthenticationFailedException"
"ERROR","web-0","10/21/2011","22:30:42","mail spooler","javax.mail.AuthenticationFailedException"
"ERROR","web-0","10/21/2011","22:30:50","mail spooler","javax.mail.AuthenticationFailedException"
"ERROR","web-0","10/21/2011","22:31:15","mail spooler","javax.mail.AuthenticationFailedException"
"ERROR","web-0","10/21/2011","23:17:27","mail spooler","javax.mail.AuthenticationFailedException"
"ERROR","web-0","10/21/2011","23:17:31","mail spooler","javax.mail.AuthenticationFailedException"
"ERROR","web-0","10/21/2011","12:17:27","mail spooler","javax.mail.AuthenticationFailedException"
"ERROR","web-0","10/21/2011","12:17:30","mail spooler","javax.mail.AuthenticationFailedException"
"ERROR","web-0","10/21/2011","12:19:03","mail spooler","javax.mail.AuthenticationFailedException"
"ERROR","web-0","10/21/2011","12:25:27","mail spooler","javax.mail.AuthenticationFailedException"
"ERROR","web-0","10/21/2011","12:30:04","mail spooler","javax.mail.AuthenticationFailedException"
"ERROR","web-0","10/21/2011","12:30:38","mail spooler","javax.mail.AuthenticationFailedException"
"ERROR","web-0","10/21/2011","12:30:45","mail spooler","javax.mail.AuthenticationFailedException"
"ERROR","web-0","10/21/2011","12:31:11","mail spooler","javax.mail.AuthenticationFailedException"
"ERROR","web-0","10/21/2011","12:31:59","mail spooler","javax.mail.AuthenticationFailedException"
"ERROR","web-0","10/21/2011","12:32:13","mail spooler","javax.mail.AuthenticationFailedException"
"ERROR","web-0","10/21/2011","12:33:15","mail spooler","javax.mail.AuthenticationFailedException"
"ERROR","web-0","10/21/2011","12:33:18","mail spooler","javax.mail.AuthenticationFailedException"
"ERROR","web-0","10/21/2011","12:33:29","mail spooler","javax.mail.AuthenticationFailedException"
"ERROR","web-0","10/21/2011","12:34:22","mail spooler","javax.mail.AuthenticationFailedException"
"ERROR","web-0","10/21/2011","12:34:32","mail spooler","javax.mail.AuthenticationFailedException"
"ERROR","web-0","10/21/2011","12:34:38","mail spooler","javax.mail.AuthenticationFailedException"
"ERROR","web-0","10/21/2011","12:34:52","mail spooler","javax.mail.AuthenticationFailedException"
"ERROR","web-0","10/21/2011","12:35:17","mail spooler","javax.mail.AuthenticationFailedException"
"ERROR","web-0","10/21/2011","12:35:25","mail spooler","javax.mail.AuthenticationFailedException"
"ERROR","web-0","10/21/2011","12:35:31","mail spooler","javax.mail.AuthenticationFailedException"
"ERROR","web-0","10/21/2011","12:35:35","mail spooler","javax.mail.AuthenticationFailedException"
"ERROR","web-0","10/21/2011","12:35:55","mail spooler","javax.mail.AuthenticationFailedException"
"ERROR","web-0","10/21/2011","12:36:28","mail spooler","javax.mail.AuthenticationFailedException"
"ERROR","web-0","10/21/2011","12:36:34","mail spooler","javax.mail.AuthenticationFailedException"
"ERROR","web-0","10/21/2011","12:36:39","mail spooler","javax.mail.AuthenticationFailedException"
"ERROR","web-0","10/21/2011","12:36:58","mail spooler","javax.mail.AuthenticationFailedException"
"ERROR","web-0","10/21/2011","12:37:32","mail spooler","javax.mail.AuthenticationFailedException"
"ERROR","web-0","10/21/2011","12:37:37","mail spooler","javax.mail.AuthenticationFailedException"
"ERROR","web-0","10/21/2011","12:37:42","mail spooler","javax.mail.AuthenticationFailedException"
"ERROR","web-0","10/21/2011","12:38:02","mail spooler","javax.mail.AuthenticationFailedException"
"ERROR","web-0","10/21/2011","12:38:41","mail spooler","javax.mail.AuthenticationFailedException"
"ERROR","web-0","10/21/2011","12:38:45","mail spooler","javax.mail.AuthenticationFailedException"
"ERROR","web-0","10/21/2011","12:39:05","mail spooler","javax.mail.AuthenticationFailedException"
"ERROR","web-0","10/21/2011","12:39:44","mail spooler","javax.mail.AuthenticationFailedException"
"ERROR","web-0","10/21/2011","12:40:09","mail spooler","javax.mail.AuthenticationFailedException"
"ERROR","web-0","10/21/2011","12:40:48","mail spooler","javax.mail.AuthenticationFailedException"
"ERROR","web-0","10/21/2011","13:17:23","mail spooler","javax.mail.AuthenticationFailedException"
"ERROR","web-0","10/21/2011","13:17:27","mail spooler","javax.mail.AuthenticationFailedException"
"ERROR","web-0","10/21/2011","13:17:30","mail spooler","javax.mail.AuthenticationFailedException"
"ERROR","web-0","10/21/2011","13:17:34","mail spooler","javax.mail.AuthenticationFailedException"
"ERROR","web-0","10/21/2011","13:18:28","mail spooler","javax.mail.AuthenticationFailedException"
"ERROR","web-0","10/21/2011","13:18:41","mail spooler","javax.mail.AuthenticationFailedException"
"ERROR","web-0","10/21/2011","13:19:06","mail spooler","javax.mail.AuthenticationFailedException"
"ERROR","web-0","10/21/2011","13:19:45","mail spooler","javax.mail.AuthenticationFailedException"
"ERROR","web-0","10/21/2011","13:20:48","mail spooler","javax.mail.AuthenticationFailedException"
"ERROR","web-0","10/21/2011","13:21:52","mail spooler","javax.mail.AuthenticationFailedException"
"ERROR","web-0","10/21/2011","13:22:55","mail spooler","javax.mail.AuthenticationFailedException"
"ERROR","web-0","10/21/2011","13:23:58","mail spooler","javax.mail.AuthenticationFailedException"
"ERROR","web-0","10/21/2011","13:25:30","mail spooler","javax.mail.AuthenticationFailedException"
"ERROR","web-0","10/21/2011","13:30:08","mail spooler","javax.mail.AuthenticationFailedException"
"ERROR","web-0","10/21/2011","13:30:41","mail spooler","javax.mail.AuthenticationFailedException"
"ERROR","web-0","10/21/2011","13:30:48","mail spooler","javax.mail.AuthenticationFailedException"
"ERROR","web-0","10/21/2011","13:31:14","mail spooler","javax.mail.AuthenticationFailedException"
"ERROR","web-0","10/21/2011","13:37:35","mail spooler","javax.mail.AuthenticationFailedException"
"ERROR","web-0","10/21/2011","13:38:49","mail spooler","javax.mail.AuthenticationFailedException"
"ERROR","web-0","10/21/2011","13:40:12","mail spooler","javax.mail.AuthenticationFailedException"
"ERROR","web-0","10/21/2011","13:40:51","mail spooler","javax.mail.AuthenticationFailedException"
"ERROR","web-0","10/22/2011","01:17:35","mail spooler","javax.mail.AuthenticationFailedException"
"ERROR","web-0","10/22/2011","01:17:38","mail spooler","javax.mail.AuthenticationFailedException"
"ERROR","web-0","10/22/2011","01:17:41","mail spooler","javax.mail.AuthenticationFailedException"
"ERROR","web-0","10/22/2011","01:17:45","mail spooler","javax.mail.AuthenticationFailedException"
"ERROR","web-0","10/22/2011","01:19:17","mail spooler","javax.mail.AuthenticationFailedException"
"ERROR","web-0","10/22/2011","01:24:09","mail spooler","javax.mail.AuthenticationFailedException"
"ERROR","web-0","10/22/2011","01:25:42","mail spooler","javax.mail.AuthenticationFailedException"
"ERROR","web-0","10/22/2011","01:30:19","mail spooler","javax.mail.AuthenticationFailedException"
"ERROR","web-0","10/22/2011","01:30:52","mail spooler","javax.mail.AuthenticationFailedException"
"ERROR","web-0","10/22/2011","01:31:00","mail spooler","javax.mail.AuthenticationFailedException"
"ERROR","web-0","10/22/2011","01:31:25","mail spooler","javax.mail.AuthenticationFailedException"
"ERROR","web-0","10/22/2011","01:37:48","mail spooler","javax.mail.AuthenticationFailedException"
"ERROR","web-0","10/22/2011","01:39:00","mail spooler","javax.mail.AuthenticationFailedException"
"ERROR","web-0","10/22/2011","01:40:24","mail spooler","javax.mail.AuthenticationFailedException"
"ERROR","web-0","10/22/2011","01:41:04","mail spooler","javax.mail.AuthenticationFailedException"
"ERROR","web-0","10/22/2011","02:17:39","mail spooler","javax.mail.AuthenticationFailedException"
"ERROR","web-0","10/22/2011","02:17:42","mail spooler","javax.mail.AuthenticationFailedException"
"ERROR","web-0","10/22/2011","02:17:45","mail spooler","javax.mail.AuthenticationFailedException"
"ERROR","web-0","10/22/2011","02:17:48","mail spooler","javax.mail.AuthenticationFailedException"
"ERROR","web-0","10/22/2011","02:19:20","mail spooler","javax.mail.AuthenticationFailedException"
"ERROR","web-0","10/22/2011","08:20:54","mail spooler","javax.mail.AuthenticationFailedException"
"ERROR","web-0","10/22/2011","08:20:57","mail spooler","javax.mail.AuthenticationFailedException"
"ERROR","web-0","10/22/2011","08:21:00","mail spooler","javax.mail.AuthenticationFailedException"
"ERROR","web-0","10/22/2011","11:23:41","mail spooler","timeout occurred after 30 seconds while sending mail message"
"ERROR","web-0","10/22/2011","11:23:59","mail spooler","Exception reading response;
  nested exception is:
	java.net.SocketException: Connection reset"
"ERROR","web-0","10/22/2011","11:23:59","mail spooler","Exception reading response;
  nested exception is:
	javax.net.ssl.SSLException: Connection has been shutdown: javax.net.ssl.SSLException: java.net.SocketException: Connection reset"
"ERROR","web-0","10/22/2011","11:23:59","mail spooler","Exception reading response;
  nested exception is:
	javax.net.ssl.SSLException: Connection has been shutdown: javax.net.ssl.SSLException: java.net.SocketException: Connection reset"
"ERROR","web-0","10/22/2011","11:24:02","mail spooler","javax.mail.AuthenticationFailedException"
"ERROR","web-0","10/22/2011","11:24:06","mail spooler","javax.mail.AuthenticationFailedException"
"ERROR","web-0","10/22/2011","11:24:09","mail spooler","javax.mail.AuthenticationFailedException"
"ERROR","web-0","10/22/2011","11:24:12","mail spooler","javax.mail.AuthenticationFailedException"
"ERROR","web-0","10/22/2011","11:24:16","mail spooler","javax.mail.AuthenticationFailedException"
"ERROR","web-0","10/22/2011","11:24:19","mail spooler","javax.mail.AuthenticationFailedException"
"ERROR","web-0","10/22/2011","11:24:22","mail spooler","javax.mail.AuthenticationFailedException"
"ERROR","web-0","10/22/2011","11:24:26","mail spooler","javax.mail.AuthenticationFailedException"
"ERROR","web-0","10/22/2011","11:24:29","mail spooler","javax.mail.AuthenticationFailedException"
"ERROR","web-0","10/22/2011","11:24:29","mail spooler","Exception reading response;
  nested exception is:
	javax.net.ssl.SSLException: Connection has been shutdown: javax.net.ssl.SSLException: java.net.SocketException: Connection reset"
"ERROR","web-0","10/22/2011","11:24:29","mail spooler","Exception reading response;
  nested exception is:
	javax.net.ssl.SSLException: Connection has been shutdown: javax.net.ssl.SSLException: java.net.SocketException: Connection reset"
"ERROR","web-0","10/22/2011","12:23:52","mail spooler","javax.mail.AuthenticationFailedException"
"ERROR","web-0","10/22/2011","12:24:09","mail spooler","javax.mail.AuthenticationFailedException"
"ERROR","web-0","10/22/2011","12:24:14","mail spooler","javax.mail.AuthenticationFailedException"
"ERROR","web-0","10/22/2011","12:24:24","mail spooler","javax.mail.AuthenticationFailedException"
"ERROR","web-0","10/22/2011","12:24:34","mail spooler","javax.mail.AuthenticationFailedException"
"ERROR","web-0","10/22/2011","12:24:45","mail spooler","javax.mail.AuthenticationFailedException"
"ERROR","web-0","10/22/2011","12:25:01","mail spooler","javax.mail.AuthenticationFailedException"
"ERROR","web-0","10/22/2011","12:25:13","mail spooler","javax.mail.AuthenticationFailedException"
"ERROR","web-0","10/22/2011","12:25:23","mail spooler","javax.mail.AuthenticationFailedException"
"ERROR","web-0","10/22/2011","12:25:33","mail spooler","javax.mail.AuthenticationFailedException"
"ERROR","web-0","10/22/2011","12:25:43","mail spooler","javax.mail.AuthenticationFailedException"
"ERROR","web-0","10/22/2011","12:25:53","mail spooler","javax.mail.AuthenticationFailedException"
"ERROR","web-0","10/22/2011","12:26:03","mail spooler","javax.mail.AuthenticationFailedException"
"ERROR","web-0","10/22/2011","12:26:13","mail spooler","javax.mail.AuthenticationFailedException"
"ERROR","web-0","10/22/2011","12:26:22","mail spooler","javax.mail.AuthenticationFailedException"
"ERROR","web-0","10/22/2011","18:29:01","mail spooler","javax.mail.AuthenticationFailedException"
"ERROR","web-0","10/22/2011","18:29:04","mail spooler","javax.mail.AuthenticationFailedException"
"ERROR","web-0","10/22/2011","18:29:08","mail spooler","javax.mail.AuthenticationFailedException"
"ERROR","web-0","10/22/2011","23:39:49","mail spooler","timeout occurred after 30 seconds while sending mail message"
"ERROR","web-0","10/22/2011","23:40:08","mail spooler","Exception reading response;
  nested exception is:
	java.net.SocketException: Connection reset"
"ERROR","web-0","10/22/2011","23:40:08","mail spooler","Exception reading response;
  nested exception is:
	javax.net.ssl.SSLException: Connection has been shutdown: javax.net.ssl.SSLException: java.net.SocketException: Connection reset"
"ERROR","web-0","10/22/2011","23:40:08","mail spooler","Exception reading response;
  nested exception is:
	javax.net.ssl.SSLException: Connection has been shutdown: javax.net.ssl.SSLException: java.net.SocketException: Connection reset"
"ERROR","web-0","10/22/2011","23:40:11","mail spooler","javax.mail.AuthenticationFailedException"
"ERROR","web-0","10/22/2011","23:40:15","mail spooler","javax.mail.AuthenticationFailedException"
"ERROR","web-0","10/22/2011","23:40:18","mail spooler","javax.mail.AuthenticationFailedException"
"ERROR","web-0","10/22/2011","23:40:22","mail spooler","javax.mail.AuthenticationFailedException"
"ERROR","web-0","10/22/2011","23:40:25","mail spooler","javax.mail.AuthenticationFailedException"
"ERROR","web-0","10/22/2011","23:40:28","mail spooler","javax.mail.AuthenticationFailedException"
"ERROR","web-0","10/22/2011","23:40:31","mail spooler","javax.mail.AuthenticationFailedException"
"ERROR","web-0","10/22/2011","23:40:35","mail spooler","javax.mail.AuthenticationFailedException"
"ERROR","web-0","10/22/2011","23:40:38","mail spooler","javax.mail.AuthenticationFailedException"
"ERROR","web-0","10/22/2011","23:40:38","mail spooler","Exception reading response;
  nested exception is:
	javax.net.ssl.SSLException: Connection has been shutdown: javax.net.ssl.SSLException: java.net.SocketException: Connection reset"
"ERROR","web-0","10/22/2011","23:40:38","mail spooler","Exception reading response;
  nested exception is:
	javax.net.ssl.SSLException: Connection has been shutdown: javax.net.ssl.SSLException: java.net.SocketException: Connection reset"
"ERROR","web-0","10/23/2011","06:34:55","mail spooler","javax.mail.AuthenticationFailedException"
"ERROR","web-0","10/23/2011","06:34:58","mail spooler","javax.mail.AuthenticationFailedException"
"ERROR","web-0","10/23/2011","06:35:02","mail spooler","javax.mail.AuthenticationFailedException"
"ERROR","web-0","10/23/2011","11:39:40","mail spooler","timeout occurred after 30 seconds while sending mail message"
"ERROR","web-0","10/23/2011","11:39:58","mail spooler","Exception reading response;
  nested exception is:
	java.net.SocketException: Connection reset"
"ERROR","web-0","10/23/2011","11:39:58","mail spooler","Exception reading response;
  nested exception is:
	javax.net.ssl.SSLException: Connection has been shutdown: javax.net.ssl.SSLException: java.net.SocketException: Connection reset"
"ERROR","web-0","10/23/2011","11:39:58","mail spooler","Exception reading response;
  nested exception is:
	javax.net.ssl.SSLException: Connection has been shutdown: javax.net.ssl.SSLException: java.net.SocketException: Connection reset"
"ERROR","web-0","10/23/2011","11:40:02","mail spooler","javax.mail.AuthenticationFailedException"
"ERROR","web-0","10/23/2011","11:40:06","mail spooler","javax.mail.AuthenticationFailedException"
"ERROR","web-0","10/23/2011","11:40:10","mail spooler","javax.mail.AuthenticationFailedException"
"ERROR","web-0","10/23/2011","11:40:13","mail spooler","javax.mail.AuthenticationFailedException"
"ERROR","web-0","10/23/2011","11:40:16","mail spooler","javax.mail.AuthenticationFailedException"
"ERROR","web-0","10/23/2011","11:40:19","mail spooler","javax.mail.AuthenticationFailedException"
"ERROR","web-0","10/23/2011","11:40:23","mail spooler","javax.mail.AuthenticationFailedException"
"ERROR","web-0","10/23/2011","11:40:26","mail spooler","javax.mail.AuthenticationFailedException"
"ERROR","web-0","10/23/2011","11:40:29","mail spooler","javax.mail.AuthenticationFailedException"
"ERROR","web-0","10/23/2011","11:40:29","mail spooler","Exception reading response;
  nested exception is:
	javax.net.ssl.SSLException: Connection has been shutdown: javax.net.ssl.SSLException: java.net.SocketException: Connection reset"
"ERROR","web-0","10/23/2011","11:40:29","mail spooler","Exception reading response;
  nested exception is:
	javax.net.ssl.SSLException: Connection has been shutdown: javax.net.ssl.SSLException: java.net.SocketException: Connection reset"
"ERROR","web-0","10/23/2011","12:39:47","mail spooler","javax.mail.AuthenticationFailedException"
"ERROR","web-0","10/23/2011","12:39:50","mail spooler","javax.mail.AuthenticationFailedException"
"ERROR","web-0","10/23/2011","12:39:53","mail spooler","javax.mail.AuthenticationFailedException"
"ERROR","web-0","10/23/2011","12:39:57","mail spooler","javax.mail.AuthenticationFailedException"
"ERROR","web-0","10/23/2011","12:40:00","mail spooler","javax.mail.AuthenticationFailedException"
"ERROR","web-0","10/23/2011","12:40:04","mail spooler","javax.mail.AuthenticationFailedException"
"ERROR","web-0","10/23/2011","12:40:07","mail spooler","javax.mail.AuthenticationFailedException"
"ERROR","web-0","10/23/2011","12:40:10","mail spooler","javax.mail.AuthenticationFailedException"
"ERROR","web-0","10/23/2011","12:40:14","mail spooler","javax.mail.AuthenticationFailedException"
"ERROR","web-0","10/23/2011","12:40:17","mail spooler","javax.mail.AuthenticationFailedException"
"ERROR","web-0","10/23/2011","12:40:21","mail spooler","javax.mail.AuthenticationFailedException"
"ERROR","web-0","10/23/2011","12:40:24","mail spooler","javax.mail.AuthenticationFailedException"
"ERROR","web-0","10/23/2011","12:40:27","mail spooler","javax.mail.AuthenticationFailedException"
"ERROR","web-0","10/23/2011","12:40:31","mail spooler","javax.mail.AuthenticationFailedException"
"ERROR","web-0","10/23/2011","12:40:34","mail spooler","javax.mail.AuthenticationFailedException"
"ERROR","web-0","10/23/2011","13:39:50","mail spooler","javax.mail.AuthenticationFailedException"
"ERROR","web-0","10/23/2011","13:39:53","mail spooler","javax.mail.AuthenticationFailedException"
"ERROR","web-0","10/23/2011","13:39:57","mail spooler","javax.mail.AuthenticationFailedException"
"ERROR","web-0","10/23/2011","13:40:00","mail spooler","javax.mail.AuthenticationFailedException"
"ERROR","web-0","10/23/2011","13:40:04","mail spooler","javax.mail.AuthenticationFailedException"
"ERROR","web-0","10/23/2011","13:40:07","mail spooler","javax.mail.AuthenticationFailedException"
"ERROR","web-0","10/23/2011","13:40:11","mail spooler","javax.mail.AuthenticationFailedException"
"ERROR","web-0","10/23/2011","13:40:14","mail spooler","javax.mail.AuthenticationFailedException"
"ERROR","web-0","10/23/2011","13:40:17","mail spooler","javax.mail.AuthenticationFailedException"
"ERROR","web-0","10/23/2011","13:40:21","mail spooler","javax.mail.AuthenticationFailedException"
"ERROR","web-0","10/23/2011","13:40:24","mail spooler","javax.mail.AuthenticationFailedException"
"ERROR","web-0","10/23/2011","13:40:28","mail spooler","javax.mail.AuthenticationFailedException"
"ERROR","web-0","10/23/2011","13:40:31","mail spooler","javax.mail.AuthenticationFailedException"
"ERROR","web-0","10/23/2011","13:40:34","mail spooler","javax.mail.AuthenticationFailedException"
"ERROR","web-0","10/23/2011","13:40:38","mail spooler","javax.mail.AuthenticationFailedException"
"ERROR","web-0","10/23/2011","14:39:53","mail spooler","javax.mail.AuthenticationFailedException"
"ERROR","web-0","10/23/2011","14:39:57","mail spooler","javax.mail.AuthenticationFailedException"
"ERROR","web-0","10/23/2011","14:40:00","mail spooler","javax.mail.AuthenticationFailedException"
"ERROR","web-0","10/23/2011","14:40:04","mail spooler","javax.mail.AuthenticationFailedException"
"ERROR","web-0","10/23/2011","14:40:07","mail spooler","javax.mail.AuthenticationFailedException"
"ERROR","web-0","10/23/2011","14:40:11","mail spooler","javax.mail.AuthenticationFailedException"
"ERROR","web-0","10/23/2011","14:40:14","mail spooler","javax.mail.AuthenticationFailedException"
"ERROR","web-0","10/23/2011","14:40:18","mail spooler","javax.mail.AuthenticationFailedException"
"ERROR","web-0","10/23/2011","14:40:21","mail spooler","javax.mail.AuthenticationFailedException"
"ERROR","web-0","10/23/2011","14:40:24","mail spooler","javax.mail.AuthenticationFailedException"
"ERROR","web-0","10/23/2011","14:40:28","mail spooler","javax.mail.AuthenticationFailedException"
"ERROR","web-0","10/23/2011","14:40:31","mail spooler","javax.mail.AuthenticationFailedException"
"ERROR","web-0","10/23/2011","14:40:35","mail spooler","javax.mail.AuthenticationFailedException"
"ERROR","web-0","10/23/2011","14:40:38","mail spooler","javax.mail.AuthenticationFailedException"
"ERROR","web-0","10/23/2011","14:40:41","mail spooler","javax.mail.AuthenticationFailedException"
"ERROR","web-0","10/23/2011","15:39:57","mail spooler","javax.mail.AuthenticationFailedException"
"ERROR","web-0","10/23/2011","15:40:00","mail spooler","javax.mail.AuthenticationFailedException"
"ERROR","web-0","10/23/2011","15:40:04","mail spooler","javax.mail.AuthenticationFailedException"
"ERROR","web-0","10/23/2011","15:40:07","mail spooler","javax.mail.AuthenticationFailedException"
"ERROR","web-0","10/23/2011","15:40:11","mail spooler","javax.mail.AuthenticationFailedException"
"ERROR","web-0","10/23/2011","15:40:14","mail spooler","javax.mail.AuthenticationFailedException"
"ERROR","web-0","10/23/2011","15:40:18","mail spooler","javax.mail.AuthenticationFailedException"
"ERROR","web-0","10/23/2011","15:40:23","mail spooler","javax.mail.AuthenticationFailedException"
"ERROR","web-0","10/23/2011","15:40:27","mail spooler","javax.mail.AuthenticationFailedException"
"ERROR","web-0","10/23/2011","15:40:31","mail spooler","javax.mail.AuthenticationFailedException"
"ERROR","web-0","10/23/2011","15:40:43","mail spooler","javax.mail.AuthenticationFailedException"
"ERROR","web-0","10/23/2011","15:40:47","mail spooler","javax.mail.AuthenticationFailedException"
"ERROR","web-0","10/23/2011","15:40:50","mail spooler","javax.mail.AuthenticationFailedException"
"ERROR","web-0","10/23/2011","15:40:53","mail spooler","javax.mail.AuthenticationFailedException"
"ERROR","web-0","10/23/2011","15:40:57","mail spooler","javax.mail.AuthenticationFailedException"
"ERROR","web-0","10/23/2011","16:40:00","mail spooler","javax.mail.AuthenticationFailedException"
"ERROR","web-0","10/23/2011","16:40:04","mail spooler","javax.mail.AuthenticationFailedException"
"ERROR","web-0","10/23/2011","16:40:07","mail spooler","javax.mail.AuthenticationFailedException"
"ERROR","web-0","10/23/2011","16:40:11","mail spooler","javax.mail.AuthenticationFailedException"
"ERROR","web-0","10/23/2011","16:40:16","mail spooler","javax.mail.AuthenticationFailedException"
"ERROR","web-0","10/23/2011","16:40:19","mail spooler","javax.mail.AuthenticationFailedException"
"ERROR","web-0","10/23/2011","16:40:22","mail spooler","javax.mail.AuthenticationFailedException"
"ERROR","web-0","10/23/2011","16:40:27","mail spooler","javax.mail.AuthenticationFailedException"
"ERROR","web-0","10/23/2011","16:40:30","mail spooler","javax.mail.AuthenticationFailedException"
"ERROR","web-0","10/23/2011","16:40:34","mail spooler","javax.mail.AuthenticationFailedException"
"ERROR","web-0","10/23/2011","16:40:47","mail spooler","javax.mail.AuthenticationFailedException"
"ERROR","web-0","10/23/2011","16:40:50","mail spooler","javax.mail.AuthenticationFailedException"
"ERROR","web-0","10/23/2011","16:40:54","mail spooler","javax.mail.AuthenticationFailedException"
"ERROR","web-0","10/23/2011","16:40:57","mail spooler","javax.mail.AuthenticationFailedException"
"ERROR","web-0","10/23/2011","16:41:00","mail spooler","javax.mail.AuthenticationFailedException"
"ERROR","web-0","10/23/2011","17:18:04","mail spooler","javax.mail.AuthenticationFailedException"
"ERROR","web-0","10/23/2011","17:18:17","mail spooler","javax.mail.AuthenticationFailedException"
"ERROR","web-0","10/23/2011","17:19:21","mail spooler","javax.mail.AuthenticationFailedException"
"ERROR","web-0","10/23/2011","17:20:24","mail spooler","javax.mail.AuthenticationFailedException"
"ERROR","web-0","10/23/2011","17:21:27","mail spooler","javax.mail.AuthenticationFailedException"
"ERROR","web-0","10/23/2011","17:22:31","mail spooler","javax.mail.AuthenticationFailedException"
"ERROR","web-0","10/23/2011","17:23:34","mail spooler","javax.mail.AuthenticationFailedException"
"ERROR","web-0","10/23/2011","17:40:09","mail spooler","javax.mail.AuthenticationFailedException"
"ERROR","web-0","10/23/2011","17:40:13","mail spooler","javax.mail.AuthenticationFailedException"
"ERROR","web-0","10/23/2011","17:40:16","mail spooler","javax.mail.AuthenticationFailedException"
"ERROR","web-0","10/23/2011","17:40:19","mail spooler","javax.mail.AuthenticationFailedException"
"ERROR","web-0","10/23/2011","17:40:23","mail spooler","javax.mail.AuthenticationFailedException"
"ERROR","web-0","10/23/2011","17:40:26","mail spooler","javax.mail.AuthenticationFailedException"
"ERROR","web-0","10/23/2011","17:40:29","mail spooler","javax.mail.AuthenticationFailedException"
"ERROR","web-0","10/23/2011","17:40:33","mail spooler","javax.mail.AuthenticationFailedException"
"ERROR","web-0","10/23/2011","17:40:36","mail spooler","javax.mail.AuthenticationFailedException"
"ERROR","web-0","10/23/2011","17:40:40","mail spooler","javax.mail.AuthenticationFailedException"
"ERROR","web-0","10/23/2011","17:40:50","mail spooler","javax.mail.AuthenticationFailedException"
"ERROR","web-0","10/23/2011","17:40:54","mail spooler","javax.mail.AuthenticationFailedException"
"ERROR","web-0","10/23/2011","17:40:57","mail spooler","javax.mail.AuthenticationFailedException"
"ERROR","web-0","10/23/2011","17:41:00","mail spooler","javax.mail.AuthenticationFailedException"
"ERROR","web-0","10/23/2011","17:41:04","mail spooler","javax.mail.AuthenticationFailedException"
"ERROR","web-0","10/23/2011","18:23:37","mail spooler","javax.mail.AuthenticationFailedException"
"ERROR","web-0","10/23/2011","18:40:12","mail spooler","javax.mail.AuthenticationFailedException"
"ERROR","web-0","10/23/2011","18:40:16","mail spooler","javax.mail.AuthenticationFailedException"
"ERROR","web-0","10/23/2011","18:40:19","mail spooler","javax.mail.AuthenticationFailedException"
"ERROR","web-0","10/23/2011","18:40:23","mail spooler","javax.mail.AuthenticationFailedException"
"ERROR","web-0","10/23/2011","18:40:26","mail spooler","javax.mail.AuthenticationFailedException"
"ERROR","web-0","10/23/2011","18:40:30","mail spooler","javax.mail.AuthenticationFailedException"
"ERROR","web-0","10/23/2011","18:40:33","mail spooler","javax.mail.AuthenticationFailedException"
"ERROR","web-0","10/23/2011","18:40:36","mail spooler","javax.mail.AuthenticationFailedException"
"ERROR","web-0","10/23/2011","18:40:40","mail spooler","javax.mail.AuthenticationFailedException"
"ERROR","web-0","10/23/2011","18:40:52","mail spooler","javax.mail.AuthenticationFailedException"
"ERROR","web-0","10/23/2011","18:41:20","mail spooler","javax.mail.AuthenticationFailedException"
"ERROR","web-0","10/23/2011","18:41:23","mail spooler","javax.mail.AuthenticationFailedException"
"ERROR","web-0","10/23/2011","18:41:27","mail spooler","javax.mail.AuthenticationFailedException"
"ERROR","web-0","10/23/2011","18:41:30","mail spooler","javax.mail.AuthenticationFailedException"
"ERROR","web-0","10/23/2011","18:41:33","mail spooler","javax.mail.AuthenticationFailedException"
"ERROR","web-0","10/23/2011","19:23:42","mail spooler","javax.mail.AuthenticationFailedException"
"ERROR","web-0","10/23/2011","19:23:45","mail spooler","javax.mail.AuthenticationFailedException"
"ERROR","web-0","10/23/2011","19:23:49","mail spooler","javax.mail.AuthenticationFailedException"
"ERROR","web-0","10/23/2011","19:23:52","mail spooler","javax.mail.AuthenticationFailedException"
"ERROR","web-0","10/23/2011","19:23:55","mail spooler","javax.mail.AuthenticationFailedException"
"ERROR","web-0","10/23/2011","19:23:59","mail spooler","javax.mail.AuthenticationFailedException"
"ERROR","web-0","10/23/2011","19:24:02","mail spooler","javax.mail.AuthenticationFailedException"
"ERROR","web-0","10/23/2011","19:24:05","mail spooler","javax.mail.AuthenticationFailedException"
"ERROR","web-0","10/23/2011","19:24:09","mail spooler","javax.mail.AuthenticationFailedException"
"ERROR","web-0","10/23/2011","19:24:12","mail spooler","javax.mail.AuthenticationFailedException"
"ERROR","web-0","10/23/2011","19:24:15","mail spooler","javax.mail.AuthenticationFailedException"
"ERROR","web-0","10/23/2011","19:24:19","mail spooler","javax.mail.AuthenticationFailedException"
"ERROR","web-0","10/23/2011","19:24:22","mail spooler","javax.mail.AuthenticationFailedException"
"ERROR","web-0","10/23/2011","19:24:26","mail spooler","javax.mail.AuthenticationFailedException"
"ERROR","web-0","10/23/2011","19:24:29","mail spooler","javax.mail.AuthenticationFailedException"
"ERROR","web-0","10/23/2011","19:24:32","mail spooler","javax.mail.AuthenticationFailedException"
"ERROR","web-0","10/23/2011","20:23:45","mail spooler","javax.mail.AuthenticationFailedException"
"ERROR","web-0","10/23/2011","20:23:49","mail spooler","javax.mail.AuthenticationFailedException"
"ERROR","web-0","10/23/2011","20:23:53","mail spooler","javax.mail.AuthenticationFailedException"
"ERROR","web-0","10/23/2011","20:23:56","mail spooler","javax.mail.AuthenticationFailedException"
"ERROR","web-0","10/23/2011","20:23:59","mail spooler","javax.mail.AuthenticationFailedException"
"ERROR","web-0","10/23/2011","20:24:03","mail spooler","javax.mail.AuthenticationFailedException"
"ERROR","web-0","10/23/2011","20:24:06","mail spooler","javax.mail.AuthenticationFailedException"
"ERROR","web-0","10/23/2011","20:24:10","mail spooler","javax.mail.AuthenticationFailedException"
"ERROR","web-0","10/23/2011","20:24:13","mail spooler","javax.mail.AuthenticationFailedException"
"ERROR","web-0","10/23/2011","20:24:17","mail spooler","javax.mail.AuthenticationFailedException"
"ERROR","web-0","10/23/2011","20:24:20","mail spooler","javax.mail.AuthenticationFailedException"
"ERROR","web-0","10/23/2011","20:24:23","mail spooler","javax.mail.AuthenticationFailedException"
"ERROR","web-0","10/23/2011","20:24:27","mail spooler","javax.mail.AuthenticationFailedException"
"ERROR","web-0","10/23/2011","20:24:30","mail spooler","javax.mail.AuthenticationFailedException"
"ERROR","web-0","10/23/2011","20:24:34","mail spooler","javax.mail.AuthenticationFailedException"
"ERROR","web-0","10/23/2011","20:24:37","mail spooler","javax.mail.AuthenticationFailedException"
"ERROR","web-0","10/23/2011","23:08:55","mail spooler","javax.mail.AuthenticationFailedException"
"ERROR","web-0","10/23/2011","23:08:59","mail spooler","javax.mail.AuthenticationFailedException"
"ERROR","web-0","10/23/2011","23:09:02","mail spooler","javax.mail.AuthenticationFailedException"
"ERROR","web-0","10/23/2011","23:09:06","mail spooler","javax.mail.AuthenticationFailedException"
"ERROR","web-0","10/23/2011","23:09:09","mail spooler","javax.mail.AuthenticationFailedException"
"ERROR","web-0","10/23/2011","23:09:12","mail spooler","javax.mail.AuthenticationFailedException"
"ERROR","web-0","10/23/2011","23:09:16","mail spooler","javax.mail.AuthenticationFailedException"
"ERROR","web-0","10/23/2011","23:09:20","mail spooler","javax.mail.AuthenticationFailedException"
"ERROR","web-0","10/23/2011","23:09:23","mail spooler","javax.mail.AuthenticationFailedException"
"ERROR","web-0","10/23/2011","23:09:26","mail spooler","javax.mail.AuthenticationFailedException"
"ERROR","web-0","10/23/2011","23:09:30","mail spooler","javax.mail.AuthenticationFailedException"
"ERROR","web-0","10/23/2011","23:09:33","mail spooler","javax.mail.AuthenticationFailedException"
"ERROR","web-0","10/23/2011","23:09:36","mail spooler","javax.mail.AuthenticationFailedException"
"ERROR","web-0","10/23/2011","23:09:39","mail spooler","javax.mail.AuthenticationFailedException"
"ERROR","web-0","10/23/2011","23:09:43","mail spooler","javax.mail.AuthenticationFailedException"
"ERROR","web-0","10/24/2011","05:15:11","mail spooler","javax.mail.AuthenticationFailedException"
"ERROR","web-0","10/24/2011","05:15:15","mail spooler","javax.mail.AuthenticationFailedException"
"ERROR","web-0","10/24/2011","05:15:18","mail spooler","javax.mail.AuthenticationFailedException"
"ERROR","web-0","10/24/2011","10:07:20","mail spooler","timeout occurred after 30 seconds while sending mail message"
"ERROR","web-0","10/24/2011","10:07:26","mail spooler","javax.mail.AuthenticationFailedException"
"ERROR","web-0","10/24/2011","10:07:29","mail spooler","javax.mail.AuthenticationFailedException"
"ERROR","web-0","10/24/2011","10:07:34","mail spooler","javax.mail.AuthenticationFailedException"
"ERROR","web-0","10/24/2011","10:07:41","mail spooler","javax.mail.AuthenticationFailedException"
"ERROR","web-0","10/24/2011","10:07:51","mail spooler","javax.mail.AuthenticationFailedException"
"ERROR","web-0","10/24/2011","10:07:59","mail spooler","javax.mail.AuthenticationFailedException"
"ERROR","web-0","10/24/2011","10:08:02","mail spooler","javax.mail.AuthenticationFailedException"
"ERROR","web-0","10/24/2011","10:08:06","mail spooler","javax.mail.AuthenticationFailedException"
"ERROR","web-0","10/24/2011","10:08:09","mail spooler","javax.mail.AuthenticationFailedException"
"ERROR","web-0","10/24/2011","10:08:13","mail spooler","javax.mail.AuthenticationFailedException"
"ERROR","web-0","10/24/2011","10:08:16","mail spooler","javax.mail.AuthenticationFailedException"
"ERROR","web-0","10/24/2011","10:08:20","mail spooler","javax.mail.AuthenticationFailedException"
"ERROR","web-0","10/24/2011","10:08:23","mail spooler","javax.mail.AuthenticationFailedException"
"ERROR","web-0","10/24/2011","10:08:26","mail spooler","javax.mail.AuthenticationFailedException"
"ERROR","web-0","10/24/2011","10:24:34","mail spooler","javax.mail.AuthenticationFailedException"
"ERROR","web-0","10/24/2011","10:24:48","mail spooler","javax.mail.AuthenticationFailedException"
"ERROR","web-0","10/24/2011","10:25:51","mail spooler","javax.mail.AuthenticationFailedException"
"ERROR","web-0","10/24/2011","10:26:55","mail spooler","javax.mail.AuthenticationFailedException"
"ERROR","web-0","10/24/2011","10:27:58","mail spooler","javax.mail.AuthenticationFailedException"
"ERROR","web-0","10/24/2011","10:28:35","mail spooler","javax.mail.AuthenticationFailedException"
"ERROR","web-0","10/24/2011","10:28:48","mail spooler","javax.mail.AuthenticationFailedException"
"ERROR","web-0","10/24/2011","10:29:02","mail spooler","javax.mail.AuthenticationFailedException"
"ERROR","web-0","10/24/2011","10:29:52","mail spooler","javax.mail.AuthenticationFailedException"
"ERROR","web-0","10/24/2011","10:30:05","mail spooler","javax.mail.AuthenticationFailedException"
"ERROR","web-0","10/24/2011","10:30:55","mail spooler","javax.mail.AuthenticationFailedException"
"ERROR","web-0","10/24/2011","10:31:46","mail spooler","javax.mail.AuthenticationFailedException"
"ERROR","web-0","10/24/2011","10:31:59","mail spooler","javax.mail.AuthenticationFailedException"
"ERROR","web-0","10/24/2011","10:32:02","mail spooler","javax.mail.AuthenticationFailedException"
"ERROR","web-0","10/24/2011","10:33:02","mail spooler","javax.mail.AuthenticationFailedException"
"ERROR","web-0","10/24/2011","10:33:06","mail spooler","javax.mail.AuthenticationFailedException"
"ERROR","web-0","10/24/2011","10:33:23","mail spooler","javax.mail.AuthenticationFailedException"
"ERROR","web-0","10/24/2011","10:33:37","mail spooler","javax.mail.AuthenticationFailedException"
"ERROR","web-0","10/24/2011","10:34:06","mail spooler","javax.mail.AuthenticationFailedException"
"ERROR","web-0","10/24/2011","10:34:09","mail spooler","javax.mail.AuthenticationFailedException"
"ERROR","web-0","10/24/2011","10:34:40","mail spooler","javax.mail.AuthenticationFailedException"
"ERROR","web-0","10/24/2011","10:35:14","mail spooler","javax.mail.AuthenticationFailedException"
"ERROR","web-0","10/24/2011","10:35:44","mail spooler","javax.mail.AuthenticationFailedException"
"ERROR","web-0","10/24/2011","10:36:17","mail spooler","javax.mail.AuthenticationFailedException"
"ERROR","web-0","10/24/2011","10:36:47","mail spooler","javax.mail.AuthenticationFailedException"
"ERROR","web-0","10/24/2011","10:37:20","mail spooler","javax.mail.AuthenticationFailedException"
"ERROR","web-0","10/24/2011","10:37:51","mail spooler","javax.mail.AuthenticationFailedException"
"ERROR","web-0","10/24/2011","10:38:54","mail spooler","javax.mail.AuthenticationFailedException"
"ERROR","web-0","10/24/2011","11:07:25","mail spooler","javax.mail.AuthenticationFailedException"
"ERROR","web-0","10/24/2011","11:07:30","mail spooler","javax.mail.AuthenticationFailedException"
"ERROR","web-0","10/24/2011","11:07:33","mail spooler","javax.mail.AuthenticationFailedException"
"ERROR","web-0","10/24/2011","11:07:38","mail spooler","javax.mail.AuthenticationFailedException"
"ERROR","web-0","10/24/2011","11:07:44","mail spooler","javax.mail.AuthenticationFailedException"
"ERROR","web-0","10/24/2011","11:07:54","mail spooler","javax.mail.AuthenticationFailedException"
"ERROR","web-0","10/24/2011","11:08:02","mail spooler","javax.mail.AuthenticationFailedException"
"ERROR","web-0","10/24/2011","11:08:06","mail spooler","javax.mail.AuthenticationFailedException"
"ERROR","web-0","10/24/2011","11:08:10","mail spooler","javax.mail.AuthenticationFailedException"
"ERROR","web-0","10/24/2011","11:08:13","mail spooler","javax.mail.AuthenticationFailedException"
"ERROR","web-0","10/24/2011","11:08:16","mail spooler","javax.mail.AuthenticationFailedException"
"ERROR","web-0","10/24/2011","11:08:20","mail spooler","javax.mail.AuthenticationFailedException"
"ERROR","web-0","10/24/2011","11:08:26","mail spooler","javax.mail.AuthenticationFailedException"
"ERROR","web-0","10/24/2011","11:08:30","mail spooler","javax.mail.AuthenticationFailedException"
"ERROR","web-0","10/24/2011","11:30:09","mail spooler","javax.mail.AuthenticationFailedException"
"ERROR","web-0","10/24/2011","11:34:09","mail spooler","javax.mail.AuthenticationFailedException"
"ERROR","web-0","10/24/2011","11:37:26","mail spooler","javax.mail.AuthenticationFailedException"
"ERROR","web-0","10/24/2011","11:38:59","mail spooler","javax.mail.AuthenticationFailedException"
"ERROR","web-0","10/24/2011","13:07:27","mail spooler","javax.mail.AuthenticationFailedException"
"ERROR","web-0","10/24/2011","13:07:30","mail spooler","javax.mail.AuthenticationFailedException"
"ERROR","web-0","10/24/2011","13:07:35","mail spooler","javax.mail.AuthenticationFailedException"
"ERROR","web-0","10/24/2011","13:07:38","mail spooler","javax.mail.AuthenticationFailedException"
"ERROR","web-0","10/24/2011","13:07:44","mail spooler","javax.mail.AuthenticationFailedException"
"ERROR","web-0","10/24/2011","13:07:53","mail spooler","javax.mail.AuthenticationFailedException"
"ERROR","web-0","10/24/2011","13:08:01","mail spooler","javax.mail.AuthenticationFailedException"
"ERROR","web-0","10/24/2011","13:08:26","mail spooler","javax.mail.AuthenticationFailedException"
"ERROR","web-0","10/24/2011","13:08:29","mail spooler","javax.mail.AuthenticationFailedException"
"ERROR","web-0","10/24/2011","13:30:10","mail spooler","javax.mail.AuthenticationFailedException"
"ERROR","web-0","10/24/2011","13:34:09","mail spooler","javax.mail.AuthenticationFailedException"
"ERROR","web-0","10/24/2011","13:37:25","mail spooler","javax.mail.AuthenticationFailedException"
"ERROR","web-0","10/24/2011","13:38:58","mail spooler","javax.mail.AuthenticationFailedException"
"ERROR","web-0","10/24/2011","13:07:35","mail spooler","javax.mail.AuthenticationFailedException"
"ERROR","web-0","10/24/2011","13:07:39","mail spooler","javax.mail.AuthenticationFailedException"
"ERROR","web-0","10/24/2011","13:07:43","mail spooler","javax.mail.AuthenticationFailedException"
"ERROR","web-0","10/24/2011","13:07:46","mail spooler","javax.mail.AuthenticationFailedException"
"ERROR","web-0","10/24/2011","13:07:51","mail spooler","javax.mail.AuthenticationFailedException"
"ERROR","web-0","10/24/2011","13:08:33","mail spooler","javax.mail.AuthenticationFailedException"
"ERROR","web-0","10/24/2011","13:08:37","mail spooler","javax.mail.AuthenticationFailedException"
"ERROR","web-0","10/24/2011","13:30:18","mail spooler","javax.mail.AuthenticationFailedException"
"ERROR","web-0","10/24/2011","13:34:16","mail spooler","javax.mail.AuthenticationFailedException"
"ERROR","web-0","10/24/2011","13:37:33","mail spooler","javax.mail.AuthenticationFailedException"
"ERROR","web-0","10/24/2011","13:39:09","mail spooler","javax.mail.AuthenticationFailedException"
"ERROR","web-0","10/24/2011","14:07:39","mail spooler","javax.mail.AuthenticationFailedException"
"ERROR","web-0","10/24/2011","14:07:42","mail spooler","javax.mail.AuthenticationFailedException"
"ERROR","web-0","10/24/2011","14:07:46","mail spooler","javax.mail.AuthenticationFailedException"
"ERROR","web-0","10/24/2011","14:07:50","mail spooler","javax.mail.AuthenticationFailedException"
"ERROR","web-0","10/24/2011","14:07:55","mail spooler","javax.mail.AuthenticationFailedException"
"ERROR","web-0","10/24/2011","14:08:37","mail spooler","javax.mail.AuthenticationFailedException"
"ERROR","web-0","10/24/2011","14:08:41","mail spooler","javax.mail.AuthenticationFailedException"
"ERROR","web-0","10/24/2011","14:30:22","mail spooler","javax.mail.AuthenticationFailedException"
"ERROR","web-0","10/24/2011","14:34:20","mail spooler","javax.mail.AuthenticationFailedException"
"ERROR","web-0","10/24/2011","14:37:36","mail spooler","javax.mail.AuthenticationFailedException"
"ERROR","web-0","10/24/2011","14:39:12","mail spooler","javax.mail.AuthenticationFailedException"
"ERROR","web-0","10/24/2011","15:07:46","mail spooler","javax.mail.AuthenticationFailedException"
"ERROR","web-0","10/24/2011","15:07:50","mail spooler","javax.mail.AuthenticationFailedException"
"ERROR","web-0","10/24/2011","15:07:54","mail spooler","javax.mail.AuthenticationFailedException"
"ERROR","web-0","10/24/2011","15:08:41","mail spooler","javax.mail.AuthenticationFailedException"
"ERROR","web-0","10/24/2011","15:30:26","mail spooler","javax.mail.AuthenticationFailedException"
"ERROR","web-0","10/24/2011","15:34:23","mail spooler","javax.mail.AuthenticationFailedException"
"ERROR","web-0","10/24/2011","15:37:40","mail spooler","javax.mail.AuthenticationFailedException"
"ERROR","web-0","10/24/2011","15:39:16","mail spooler","javax.mail.AuthenticationFailedException"
"ERROR","web-0","10/24/2011","16:08:16","mail spooler","timeout occurred after 30 seconds while sending mail message"
"ERROR","web-0","10/24/2011","16:08:46","mail spooler","timeout occurred after 30 seconds while sending mail message"
"ERROR","web-0","10/24/2011","16:09:16","mail spooler","timeout occurred after 30 seconds while sending mail message"
"ERROR","web-0","10/24/2011","16:09:46","mail spooler","timeout occurred after 30 seconds while sending mail message"
"ERROR","web-0","10/24/2011","16:30:29","mail spooler","javax.mail.AuthenticationFailedException"
"ERROR","web-0","10/24/2011","16:34:26","mail spooler","javax.mail.AuthenticationFailedException"
"ERROR","web-0","10/24/2011","16:37:43","mail spooler","javax.mail.AuthenticationFailedException"
"ERROR","web-0","10/24/2011","16:39:19","mail spooler","javax.mail.AuthenticationFailedException"
"ERROR","web-0","10/24/2011","18:08:27","mail spooler","javax.mail.AuthenticationFailedException"
"ERROR","web-0","10/24/2011","18:08:49","mail spooler","javax.mail.AuthenticationFailedException"
"ERROR","web-0","10/24/2011","18:09:25","mail spooler","javax.mail.AuthenticationFailedException"
"ERROR","web-0","10/24/2011","18:09:46","mail spooler","javax.mail.AuthenticationFailedException"
"ERROR","web-0","10/24/2011","18:30:28","mail spooler","javax.mail.AuthenticationFailedException"
"ERROR","web-0","10/24/2011","18:34:26","mail spooler","javax.mail.AuthenticationFailedException"
"ERROR","web-0","10/24/2011","18:37:42","mail spooler","javax.mail.AuthenticationFailedException"
"ERROR","web-0","10/24/2011","18:39:18","mail spooler","javax.mail.AuthenticationFailedException"
"ERROR","web-0","10/24/2011","18:10:15","mail spooler","javax.mail.AuthenticationFailedException"
"ERROR","web-0","10/24/2011","18:30:36","mail spooler","javax.mail.AuthenticationFailedException"
"ERROR","web-0","10/24/2011","18:34:35","mail spooler","javax.mail.AuthenticationFailedException"
"ERROR","web-0","10/24/2011","18:37:57","mail spooler","javax.mail.AuthenticationFailedException"
"ERROR","web-0","10/24/2011","18:39:26","mail spooler","javax.mail.AuthenticationFailedException"
"ERROR","web-0","10/24/2011","19:45:12","mail spooler","javax.mail.AuthenticationFailedException"
"ERROR","web-0","10/24/2011","19:45:17","mail spooler","javax.mail.AuthenticationFailedException"
"ERROR","web-0","10/24/2011","19:45:20","mail spooler","javax.mail.AuthenticationFailedException"
"ERROR","web-0","10/24/2011","19:45:24","mail spooler","javax.mail.AuthenticationFailedException"
"ERROR","web-0","10/24/2011","19:45:28","mail spooler","javax.mail.AuthenticationFailedException"
"ERROR","web-0","10/24/2011","21:11:16","mail spooler","javax.mail.AuthenticationFailedException"
"ERROR","web-0","10/24/2011","21:11:21","mail spooler","javax.mail.AuthenticationFailedException"
"ERROR","web-0","10/24/2011","21:11:24","mail spooler","javax.mail.AuthenticationFailedException"
"ERROR","web-0","10/24/2011","21:11:28","mail spooler","javax.mail.AuthenticationFailedException"
"ERROR","web-0","10/24/2011","21:11:31","mail spooler","javax.mail.AuthenticationFailedException"
"ERROR","web-0","10/24/2011","21:11:34","mail spooler","javax.mail.AuthenticationFailedException"
"ERROR","web-0","10/24/2011","22:11:25","mail spooler","javax.mail.AuthenticationFailedException"
"ERROR","web-0","10/24/2011","22:11:28","mail spooler","javax.mail.AuthenticationFailedException"
"ERROR","web-0","10/24/2011","22:11:31","mail spooler","javax.mail.AuthenticationFailedException"
"ERROR","web-0","10/24/2011","22:11:35","mail spooler","javax.mail.AuthenticationFailedException"
"ERROR","web-0","10/24/2011","22:11:38","mail spooler","javax.mail.AuthenticationFailedException"
"ERROR","web-0","10/25/2011","04:19:17","mail spooler","javax.mail.AuthenticationFailedException"
"ERROR","web-0","10/25/2011","04:19:20","mail spooler","javax.mail.AuthenticationFailedException"
"ERROR","web-0","10/25/2011","04:19:24","mail spooler","javax.mail.AuthenticationFailedException"
"ERROR","web-0","10/25/2011","04:19:27","mail spooler","javax.mail.AuthenticationFailedException"
"ERROR","web-0","10/25/2011","04:19:31","mail spooler","javax.mail.AuthenticationFailedException"
"ERROR","web-0","10/25/2011","09:45:23","mail spooler","javax.mail.AuthenticationFailedException"
"ERROR","web-0","10/25/2011","09:45:26","mail spooler","javax.mail.AuthenticationFailedException"
"ERROR","web-0","10/25/2011","09:45:30","mail spooler","javax.mail.AuthenticationFailedException"
"ERROR","web-0","10/25/2011","09:45:33","mail spooler","javax.mail.AuthenticationFailedException"
"ERROR","web-0","10/25/2011","09:45:37","mail spooler","javax.mail.AuthenticationFailedException"
"ERROR","web-0","10/25/2011","10:08:24","mail spooler","javax.mail.AuthenticationFailedException"
"ERROR","web-0","10/25/2011","10:45:26","mail spooler","javax.mail.AuthenticationFailedException"
"ERROR","web-0","10/25/2011","10:45:30","mail spooler","javax.mail.AuthenticationFailedException"
"ERROR","web-0","10/25/2011","10:45:33","mail spooler","javax.mail.AuthenticationFailedException"
"ERROR","web-0","10/25/2011","10:45:37","mail spooler","javax.mail.AuthenticationFailedException"
"ERROR","web-0","10/25/2011","10:45:41","mail spooler","javax.mail.AuthenticationFailedException"
"ERROR","web-0","10/25/2011","11:08:10","mail spooler","javax.mail.AuthenticationFailedException"
"ERROR","web-0","10/25/2011","11:08:14","mail spooler","javax.mail.AuthenticationFailedException"
"ERROR","web-0","10/25/2011","11:08:17","mail spooler","javax.mail.AuthenticationFailedException"
"ERROR","web-0","10/25/2011","11:08:21","mail spooler","javax.mail.AuthenticationFailedException"
"ERROR","web-0","10/25/2011","11:08:26","mail spooler","javax.mail.AuthenticationFailedException"
"ERROR","web-0","10/25/2011","11:45:30","mail spooler","javax.mail.AuthenticationFailedException"
"ERROR","web-0","10/25/2011","11:45:33","mail spooler","javax.mail.AuthenticationFailedException"
"ERROR","web-0","10/25/2011","11:45:40","mail spooler","javax.mail.AuthenticationFailedException"
"ERROR","web-0","10/25/2011","11:45:44","mail spooler","javax.mail.AuthenticationFailedException"
"ERROR","web-0","10/25/2011","11:45:47","mail spooler","javax.mail.AuthenticationFailedException"
"ERROR","web-0","10/25/2011","12:08:02","mail spooler","javax.mail.AuthenticationFailedException"
"ERROR","web-0","10/25/2011","12:08:10","mail spooler","javax.mail.AuthenticationFailedException"
"ERROR","web-0","10/25/2011","12:45:37","mail spooler","javax.mail.AuthenticationFailedException"
"ERROR","web-0","10/25/2011","12:45:41","mail spooler","javax.mail.AuthenticationFailedException"
"ERROR","web-0","10/25/2011","12:45:44","mail spooler","javax.mail.AuthenticationFailedException"
"ERROR","web-0","10/25/2011","12:45:47","mail spooler","javax.mail.AuthenticationFailedException"
"ERROR","web-0","10/25/2011","12:45:51","mail spooler","javax.mail.AuthenticationFailedException"
"ERROR","web-0","10/25/2011","13:45:41","mail spooler","javax.mail.AuthenticationFailedException"
"ERROR","web-0","10/25/2011","13:45:45","mail spooler","javax.mail.AuthenticationFailedException"
"ERROR","web-0","10/25/2011","14:45:46","mail spooler","javax.mail.AuthenticationFailedException"
"ERROR","web-0","10/25/2011","14:45:50","mail spooler","javax.mail.AuthenticationFailedException"
"ERROR","web-0","10/25/2011","14:45:54","mail spooler","javax.mail.AuthenticationFailedException"
"ERROR","web-0","10/25/2011","15:07:38","mail spooler","javax.mail.AuthenticationFailedException"
"ERROR","web-0","10/25/2011","15:07:57","mail spooler","javax.mail.AuthenticationFailedException"
"ERROR","web-0","10/25/2011","15:08:40","mail spooler","javax.mail.AuthenticationFailedException"
"ERROR","web-0","10/25/2011","14:45:45","mail spooler","javax.mail.AuthenticationFailedException"
"ERROR","web-0","10/25/2011","14:45:50","mail spooler","javax.mail.AuthenticationFailedException"
"ERROR","web-0","10/25/2011","14:45:55","mail spooler","javax.mail.AuthenticationFailedException"
"ERROR","web-0","10/25/2011","14:45:59","mail spooler","javax.mail.AuthenticationFailedException"
"ERROR","web-0","10/25/2011","14:46:02","mail spooler","javax.mail.AuthenticationFailedException"
"ERROR","web-0","10/25/2011","15:46:00","mail spooler","javax.mail.AuthenticationFailedException"
"ERROR","web-0","10/25/2011","15:46:04","mail spooler","javax.mail.AuthenticationFailedException"
"ERROR","web-0","10/25/2011","15:46:07","mail spooler","javax.mail.AuthenticationFailedException"
"ERROR","web-0","10/25/2011","15:46:10","mail spooler","javax.mail.AuthenticationFailedException"
"ERROR","web-0","10/25/2011","16:46:05","mail spooler","javax.mail.AuthenticationFailedException"
"ERROR","web-0","10/25/2011","16:46:10","mail spooler","javax.mail.AuthenticationFailedException"
"ERROR","web-0","10/25/2011","16:46:15","mail spooler","javax.mail.AuthenticationFailedException"
"ERROR","web-0","10/25/2011","16:46:20","mail spooler","javax.mail.AuthenticationFailedException"
"ERROR","web-0","10/25/2011","17:08:37","mail spooler","javax.mail.AuthenticationFailedException"
"ERROR","web-0","10/25/2011","17:08:59","mail spooler","javax.mail.AuthenticationFailedException"
"ERROR","web-0","10/25/2011","17:09:35","mail spooler","javax.mail.AuthenticationFailedException"
"ERROR","web-0","10/25/2011","18:09:04","mail spooler","javax.mail.AuthenticationFailedException"
"ERROR","web-0","10/25/2011","18:09:08","mail spooler","javax.mail.AuthenticationFailedException"
"ERROR","web-0","10/25/2011","18:09:12","mail spooler","javax.mail.AuthenticationFailedException"
"ERROR","web-0","10/25/2011","18:09:16","mail spooler","javax.mail.AuthenticationFailedException"
"ERROR","web-0","10/25/2011","19:13:24","mail spooler","javax.mail.AuthenticationFailedException"
"ERROR","web-0","10/25/2011","19:13:28","mail spooler","javax.mail.AuthenticationFailedException"
"ERROR","web-0","10/25/2011","19:13:32","mail spooler","javax.mail.AuthenticationFailedException"
"ERROR","web-0","10/25/2011","19:13:36","mail spooler","javax.mail.AuthenticationFailedException"
"ERROR","web-0","10/25/2011","23:17:17","mail spooler","javax.mail.AuthenticationFailedException"
"ERROR","web-0","10/25/2011","23:17:20","mail spooler","javax.mail.AuthenticationFailedException"
"ERROR","web-0","10/25/2011","23:17:25","mail spooler","javax.mail.AuthenticationFailedException"
"ERROR","web-0","10/25/2011","23:17:30","mail spooler","javax.mail.AuthenticationFailedException"
"ERROR","web-0","10/25/2011","23:17:33","mail spooler","javax.mail.AuthenticationFailedException"
"ERROR","web-0","10/26/2011","05:44:33","mail spooler","javax.mail.AuthenticationFailedException"
"ERROR","web-0","10/26/2011","05:44:36","mail spooler","javax.mail.AuthenticationFailedException"
"ERROR","web-0","10/26/2011","05:44:40","mail spooler","javax.mail.AuthenticationFailedException"
"ERROR","web-0","10/26/2011","05:44:43","mail spooler","javax.mail.AuthenticationFailedException"
"ERROR","web-0","10/26/2011","11:08:23","mail spooler","javax.mail.AuthenticationFailedException"
"ERROR","web-0","10/26/2011","12:08:09","mail spooler","javax.mail.AuthenticationFailedException"
"ERROR","web-0","10/26/2011","12:08:13","mail spooler","javax.mail.AuthenticationFailedException"
"ERROR","web-0","10/26/2011","12:08:17","mail spooler","javax.mail.AuthenticationFailedException"
"ERROR","web-0","10/26/2011","12:08:21","mail spooler","javax.mail.AuthenticationFailedException"
"ERROR","web-0","10/26/2011","12:08:25","mail spooler","javax.mail.AuthenticationFailedException"
"ERROR","web-0","10/26/2011","12:08:06","mail spooler","javax.mail.AuthenticationFailedException"
"ERROR","web-0","10/26/2011","12:08:14","mail spooler","javax.mail.AuthenticationFailedException"
"ERROR","web-0","10/26/2011","14:07:48","mail spooler","javax.mail.AuthenticationFailedException"
"ERROR","web-0","10/26/2011","14:08:06","mail spooler","javax.mail.AuthenticationFailedException"
"ERROR","web-0","10/26/2011","14:08:49","mail spooler","javax.mail.AuthenticationFailedException"
"ERROR","web-0","10/26/2011","14:45:49","mail spooler","javax.mail.AuthenticationFailedException"
"ERROR","web-0","10/26/2011","17:40:49","mail spooler","javax.mail.AuthenticationFailedException"
"ERROR","web-0","10/26/2011","17:40:54","mail spooler","javax.mail.AuthenticationFailedException"
"ERROR","web-0","10/26/2011","17:40:57","mail spooler","javax.mail.AuthenticationFailedException"
"ERROR","web-0","10/27/2011","07:22:52","mail spooler","javax.mail.AuthenticationFailedException"
"ERROR","web-0","10/27/2011","07:22:55","mail spooler","javax.mail.AuthenticationFailedException"
"ERROR","web-0","10/27/2011","07:22:59","mail spooler","javax.mail.AuthenticationFailedException"
"ERROR","web-0","10/27/2011","07:23:02","mail spooler","javax.mail.AuthenticationFailedException"
"ERROR","web-0","10/27/2011","15:33:09","mail spooler","javax.mail.AuthenticationFailedException"
"ERROR","web-0","10/28/2011","10:38:39","mail spooler","javax.mail.AuthenticationFailedException"
"ERROR","web-0","10/28/2011","10:38:43","mail spooler","javax.mail.AuthenticationFailedException"
"ERROR","web-0","10/28/2011","10:38:47","mail spooler","javax.mail.AuthenticationFailedException"
"ERROR","web-0","10/28/2011","10:38:50","mail spooler","javax.mail.AuthenticationFailedException"
